2025-09-26 18:48:23,425 - HarmonicBot - INFO - Connexion réussie à binance
2025-09-26 18:48:23,425 - HarmonicBot - INFO - Connexion réussie à binance
2025-09-26 18:48:23,425 - HarmonicBot - INFO - Connexion réussie à binance
2025-09-26 18:48:23,425 - HarmonicBot - INFO - Connexion réussie à binance
2025-09-26 18:48:23,425 - HarmonicBot - INFO - Connexion réussie à binance
2025-09-26 18:48:23,425 - HarmonicBot - INFO - Connexion réussie à binance
2025-09-26 18:48:23,872 - HarmonicBot - INFO - Solde USDT disponible: 0.0
2025-09-26 18:48:23,872 - HarmonicBot - INFO - Solde USDT disponible: 0.0
2025-09-26 18:48:23,872 - HarmonicBot - INFO - Solde USDT disponible: 0.0
2025-09-26 18:48:23,872 - HarmonicBot - INFO - Solde USDT disponible: 0.0
2025-09-26 18:48:23,872 - HarmonicBot - INFO - Solde USDT disponible: 0.0
2025-09-26 18:48:23,872 - HarmonicBot - INFO - Solde USDT disponible: 0.0
2025-09-26 18:48:24,236 - HarmonicBot - INFO - Robot de trading harmonique initialisé
2025-09-26 18:48:24,236 - HarmonicBot - INFO - Robot de trading harmonique initialisé
2025-09-26 18:48:24,236 - HarmonicBot - INFO - Robot de trading harmonique initialisé
2025-09-26 18:48:24,236 - HarmonicBot - INFO - Robot de trading harmonique initialisé
2025-09-26 18:48:24,236 - HarmonicBot - INFO - Robot de trading harmonique initialisé
2025-09-26 18:48:24,236 - HarmonicBot - INFO - Robot de trading harmonique initialisé
2025-09-26 18:48:24,236 - HarmonicBot - INFO - Robot de trading harmonique initialisé
2025-09-26 18:48:24,236 - HarmonicBot - INFO - Robot de trading harmonique initialisé
2025-09-26 18:48:24,545 - HarmonicBot - ERROR - Erreur envoi Telegram: Not Found
2025-09-26 18:48:24,545 - HarmonicBot - ERROR - Erreur envoi Telegram: Not Found
2025-09-26 18:48:24,545 - HarmonicBot - ERROR - Erreur envoi Telegram: Not Found
2025-09-26 18:48:24,545 - HarmonicBot - ERROR - Erreur envoi Telegram: Not Found
2025-09-26 18:48:24,545 - HarmonicBot - ERROR - Erreur envoi Telegram: Not Found
2025-09-26 18:48:24,545 - HarmonicBot - ERROR - Erreur envoi Telegram: Not Found
2025-09-26 18:48:24,545 - HarmonicBot - ERROR - Erreur envoi Telegram: Not Found
2025-09-26 18:48:24,545 - HarmonicBot - ERROR - Erreur envoi Telegram: Not Found
2025-09-26 18:48:24,590 - HarmonicBot - INFO - 🚀 Robot de trading harmonique démarré
2025-09-26 18:48:24,590 - HarmonicBot - INFO - 🚀 Robot de trading harmonique démarré
2025-09-26 18:48:24,590 - HarmonicBot - INFO - 🚀 Robot de trading harmonique démarré
2025-09-26 18:48:24,590 - HarmonicBot - INFO - 🚀 Robot de trading harmonique démarré
2025-09-26 18:48:24,590 - HarmonicBot - INFO - 🚀 Robot de trading harmonique démarré
2025-09-26 18:48:24,590 - HarmonicBot - INFO - 🚀 Robot de trading harmonique démarré
2025-09-26 18:48:24,590 - HarmonicBot - INFO - 🚀 Robot de trading harmonique démarré
2025-09-26 18:48:24,590 - HarmonicBot - INFO - 🚀 Robot de trading harmonique démarré
2025-09-26 18:53:24,998 - HarmonicBot - INFO - 🔍 Début de l'analyse du marché
2025-09-26 18:53:24,998 - HarmonicBot - INFO - 🔍 Début de l'analyse du marché
2025-09-26 18:53:24,998 - HarmonicBot - INFO - 🔍 Début de l'analyse du marché
2025-09-26 18:53:24,998 - HarmonicBot - INFO - 🔍 Début de l'analyse du marché
2025-09-26 18:53:24,998 - HarmonicBot - INFO - 🔍 Début de l'analyse du marché
2025-09-26 18:53:24,998 - HarmonicBot - INFO - 🔍 Début de l'analyse du marché
2025-09-26 18:53:24,998 - HarmonicBot - INFO - 🔍 Début de l'analyse du marché
2025-09-26 18:53:24,998 - HarmonicBot - INFO - 🔍 Début de l'analyse du marché
2025-09-26 18:53:25,816 - HarmonicBot - ERROR - Erreur envoi Telegram: Not Found
2025-09-26 18:53:25,816 - HarmonicBot - ERROR - Erreur envoi Telegram: Not Found
2025-09-26 18:53:25,816 - HarmonicBot - ERROR - Erreur envoi Telegram: Not Found
2025-09-26 18:53:25,816 - HarmonicBot - ERROR - Erreur envoi Telegram: Not Found
2025-09-26 18:53:25,816 - HarmonicBot - ERROR - Erreur envoi Telegram: Not Found
2025-09-26 18:53:25,816 - HarmonicBot - ERROR - Erreur envoi Telegram: Not Found
2025-09-26 18:53:25,816 - HarmonicBot - ERROR - Erreur envoi Telegram: Not Found
2025-09-26 18:53:25,816 - HarmonicBot - ERROR - Erreur envoi Telegram: Not Found
2025-09-26 18:58:25,333 - HarmonicBot - INFO - 🔍 Début de l'analyse du marché
2025-09-26 18:58:25,333 - HarmonicBot - INFO - 🔍 Début de l'analyse du marché
2025-09-26 18:58:25,333 - HarmonicBot - INFO - 🔍 Début de l'analyse du marché
2025-09-26 18:58:25,333 - HarmonicBot - INFO - 🔍 Début de l'analyse du marché
2025-09-26 18:58:25,333 - HarmonicBot - INFO - 🔍 Début de l'analyse du marché
2025-09-26 18:58:25,333 - HarmonicBot - INFO - 🔍 Début de l'analyse du marché
2025-09-26 18:58:25,333 - HarmonicBot - INFO - 🔍 Début de l'analyse du marché
2025-09-26 18:58:25,333 - HarmonicBot - INFO - 🔍 Début de l'analyse du marché
2025-09-26 18:58:26,145 - HarmonicBot - ERROR - Erreur envoi Telegram: Not Found
2025-09-26 18:58:26,145 - HarmonicBot - ERROR - Erreur envoi Telegram: Not Found
2025-09-26 18:58:26,145 - HarmonicBot - ERROR - Erreur envoi Telegram: Not Found
2025-09-26 18:58:26,145 - HarmonicBot - ERROR - Erreur envoi Telegram: Not Found
2025-09-26 18:58:26,145 - HarmonicBot - ERROR - Erreur envoi Telegram: Not Found
2025-09-26 18:58:26,145 - HarmonicBot - ERROR - Erreur envoi Telegram: Not Found
2025-09-26 18:58:26,145 - HarmonicBot - ERROR - Erreur envoi Telegram: Not Found
2025-09-26 18:58:26,145 - HarmonicBot - ERROR - Erreur envoi Telegram: Not Found
2025-09-26 19:00:36,298 - HarmonicBot - ERROR - Erreur connexion exchange: binance {"code":-2008,"msg":"Invalid Api-Key ID."}
2025-09-26 19:00:36,298 - HarmonicBot - ERROR - Erreur connexion exchange: binance {"code":-2008,"msg":"Invalid Api-Key ID."}
2025-09-26 19:00:36,298 - HarmonicBot - ERROR - Erreur connexion exchange: binance {"code":-2008,"msg":"Invalid Api-Key ID."}
2025-09-26 19:00:36,298 - HarmonicBot - ERROR - Erreur connexion exchange: binance {"code":-2008,"msg":"Invalid Api-Key ID."}
2025-09-26 19:00:36,298 - HarmonicBot - ERROR - Erreur connexion exchange: binance {"code":-2008,"msg":"Invalid Api-Key ID."}
2025-09-26 19:00:36,298 - HarmonicBot - ERROR - Erreur connexion exchange: binance {"code":-2008,"msg":"Invalid Api-Key ID."}
2025-09-26 19:00:40,194 - HarmonicBot - ERROR - Erreur connexion exchange: binance {"code":-2008,"msg":"Invalid Api-Key ID."}
2025-09-26 19:00:40,194 - HarmonicBot - ERROR - Erreur connexion exchange: binance {"code":-2008,"msg":"Invalid Api-Key ID."}
2025-09-26 19:00:40,194 - HarmonicBot - ERROR - Erreur connexion exchange: binance {"code":-2008,"msg":"Invalid Api-Key ID."}
2025-09-26 19:00:40,194 - HarmonicBot - ERROR - Erreur connexion exchange: binance {"code":-2008,"msg":"Invalid Api-Key ID."}
2025-09-26 19:00:40,194 - HarmonicBot - ERROR - Erreur connexion exchange: binance {"code":-2008,"msg":"Invalid Api-Key ID."}
2025-09-26 19:00:40,194 - HarmonicBot - ERROR - Erreur connexion exchange: binance {"code":-2008,"msg":"Invalid Api-Key ID."}
2025-09-26 19:00:43,876 - HarmonicBot - ERROR - Erreur connexion exchange: binance {"code":-2008,"msg":"Invalid Api-Key ID."}
2025-09-26 19:00:43,876 - HarmonicBot - ERROR - Erreur connexion exchange: binance {"code":-2008,"msg":"Invalid Api-Key ID."}
2025-09-26 19:00:43,876 - HarmonicBot - ERROR - Erreur connexion exchange: binance {"code":-2008,"msg":"Invalid Api-Key ID."}
2025-09-26 19:00:43,876 - HarmonicBot - ERROR - Erreur connexion exchange: binance {"code":-2008,"msg":"Invalid Api-Key ID."}
2025-09-26 19:00:43,876 - HarmonicBot - ERROR - Erreur connexion exchange: binance {"code":-2008,"msg":"Invalid Api-Key ID."}
2025-09-26 19:00:43,876 - HarmonicBot - ERROR - Erreur connexion exchange: binance {"code":-2008,"msg":"Invalid Api-Key ID."}
2025-09-26 19:00:47,461 - HarmonicBot - ERROR - Erreur connexion exchange: binance {"code":-2008,"msg":"Invalid Api-Key ID."}
2025-09-26 19:00:47,461 - HarmonicBot - ERROR - Erreur connexion exchange: binance {"code":-2008,"msg":"Invalid Api-Key ID."}
2025-09-26 19:00:47,461 - HarmonicBot - ERROR - Erreur connexion exchange: binance {"code":-2008,"msg":"Invalid Api-Key ID."}
2025-09-26 19:00:47,461 - HarmonicBot - ERROR - Erreur connexion exchange: binance {"code":-2008,"msg":"Invalid Api-Key ID."}
2025-09-26 19:00:47,461 - HarmonicBot - ERROR - Erreur connexion exchange: binance {"code":-2008,"msg":"Invalid Api-Key ID."}
2025-09-26 19:00:47,461 - HarmonicBot - ERROR - Erreur connexion exchange: binance {"code":-2008,"msg":"Invalid Api-Key ID."}
2025-09-26 19:00:51,352 - HarmonicBot - ERROR - Erreur connexion exchange: binance {"code":-2008,"msg":"Invalid Api-Key ID."}
2025-09-26 19:00:51,352 - HarmonicBot - ERROR - Erreur connexion exchange: binance {"code":-2008,"msg":"Invalid Api-Key ID."}
2025-09-26 19:00:51,352 - HarmonicBot - ERROR - Erreur connexion exchange: binance {"code":-2008,"msg":"Invalid Api-Key ID."}
2025-09-26 19:00:51,352 - HarmonicBot - ERROR - Erreur connexion exchange: binance {"code":-2008,"msg":"Invalid Api-Key ID."}
2025-09-26 19:00:51,352 - HarmonicBot - ERROR - Erreur connexion exchange: binance {"code":-2008,"msg":"Invalid Api-Key ID."}
2025-09-26 19:00:51,352 - HarmonicBot - ERROR - Erreur connexion exchange: binance {"code":-2008,"msg":"Invalid Api-Key ID."}
2025-09-26 19:00:56,062 - HarmonicBot - ERROR - Erreur connexion exchange: binance {"code":-2008,"msg":"Invalid Api-Key ID."}
2025-09-26 19:00:56,062 - HarmonicBot - ERROR - Erreur connexion exchange: binance {"code":-2008,"msg":"Invalid Api-Key ID."}
2025-09-26 19:00:56,062 - HarmonicBot - ERROR - Erreur connexion exchange: binance {"code":-2008,"msg":"Invalid Api-Key ID."}
2025-09-26 19:00:56,062 - HarmonicBot - ERROR - Erreur connexion exchange: binance {"code":-2008,"msg":"Invalid Api-Key ID."}
2025-09-26 19:00:56,062 - HarmonicBot - ERROR - Erreur connexion exchange: binance {"code":-2008,"msg":"Invalid Api-Key ID."}
2025-09-26 19:00:56,062 - HarmonicBot - ERROR - Erreur connexion exchange: binance {"code":-2008,"msg":"Invalid Api-Key ID."}
2025-09-26 19:01:02,308 - HarmonicBot - ERROR - Erreur connexion exchange: binance {"code":-2008,"msg":"Invalid Api-Key ID."}
2025-09-26 19:01:02,308 - HarmonicBot - ERROR - Erreur connexion exchange: binance {"code":-2008,"msg":"Invalid Api-Key ID."}
2025-09-26 19:01:02,308 - HarmonicBot - ERROR - Erreur connexion exchange: binance {"code":-2008,"msg":"Invalid Api-Key ID."}
2025-09-26 19:01:02,308 - HarmonicBot - ERROR - Erreur connexion exchange: binance {"code":-2008,"msg":"Invalid Api-Key ID."}
2025-09-26 19:01:02,308 - HarmonicBot - ERROR - Erreur connexion exchange: binance {"code":-2008,"msg":"Invalid Api-Key ID."}
2025-09-26 19:01:02,308 - HarmonicBot - ERROR - Erreur connexion exchange: binance {"code":-2008,"msg":"Invalid Api-Key ID."}
2025-09-26 19:01:11,781 - HarmonicBot - ERROR - Erreur connexion exchange: binance {"code":-2008,"msg":"Invalid Api-Key ID."}
2025-09-26 19:01:11,781 - HarmonicBot - ERROR - Erreur connexion exchange: binance {"code":-2008,"msg":"Invalid Api-Key ID."}
2025-09-26 19:01:11,781 - HarmonicBot - ERROR - Erreur connexion exchange: binance {"code":-2008,"msg":"Invalid Api-Key ID."}
2025-09-26 19:01:11,781 - HarmonicBot - ERROR - Erreur connexion exchange: binance {"code":-2008,"msg":"Invalid Api-Key ID."}
2025-09-26 19:01:11,781 - HarmonicBot - ERROR - Erreur connexion exchange: binance {"code":-2008,"msg":"Invalid Api-Key ID."}
2025-09-26 19:01:11,781 - HarmonicBot - ERROR - Erreur connexion exchange: binance {"code":-2008,"msg":"Invalid Api-Key ID."}
2025-09-26 19:01:27,583 - HarmonicBot - ERROR - Erreur connexion exchange: binance {"code":-2008,"msg":"Invalid Api-Key ID."}
2025-09-26 19:01:27,583 - HarmonicBot - ERROR - Erreur connexion exchange: binance {"code":-2008,"msg":"Invalid Api-Key ID."}
2025-09-26 19:01:27,583 - HarmonicBot - ERROR - Erreur connexion exchange: binance {"code":-2008,"msg":"Invalid Api-Key ID."}
2025-09-26 19:01:27,583 - HarmonicBot - ERROR - Erreur connexion exchange: binance {"code":-2008,"msg":"Invalid Api-Key ID."}
2025-09-26 19:01:27,583 - HarmonicBot - ERROR - Erreur connexion exchange: binance {"code":-2008,"msg":"Invalid Api-Key ID."}
2025-09-26 19:01:27,583 - HarmonicBot - ERROR - Erreur connexion exchange: binance {"code":-2008,"msg":"Invalid Api-Key ID."}
2025-09-26 19:01:56,376 - HarmonicBot - ERROR - Erreur connexion exchange: binance {"code":-2008,"msg":"Invalid Api-Key ID."}
2025-09-26 19:01:56,376 - HarmonicBot - ERROR - Erreur connexion exchange: binance {"code":-2008,"msg":"Invalid Api-Key ID."}
2025-09-26 19:01:56,376 - HarmonicBot - ERROR - Erreur connexion exchange: binance {"code":-2008,"msg":"Invalid Api-Key ID."}
2025-09-26 19:01:56,376 - HarmonicBot - ERROR - Erreur connexion exchange: binance {"code":-2008,"msg":"Invalid Api-Key ID."}
2025-09-26 19:01:56,376 - HarmonicBot - ERROR - Erreur connexion exchange: binance {"code":-2008,"msg":"Invalid Api-Key ID."}
2025-09-26 19:01:56,376 - HarmonicBot - ERROR - Erreur connexion exchange: binance {"code":-2008,"msg":"Invalid Api-Key ID."}
2025-09-26 19:02:50,750 - HarmonicBot - ERROR - Erreur connexion exchange: binance {"code":-2008,"msg":"Invalid Api-Key ID."}
2025-09-26 19:02:50,750 - HarmonicBot - ERROR - Erreur connexion exchange: binance {"code":-2008,"msg":"Invalid Api-Key ID."}
2025-09-26 19:02:50,750 - HarmonicBot - ERROR - Erreur connexion exchange: binance {"code":-2008,"msg":"Invalid Api-Key ID."}
2025-09-26 19:02:50,750 - HarmonicBot - ERROR - Erreur connexion exchange: binance {"code":-2008,"msg":"Invalid Api-Key ID."}
2025-09-26 19:02:50,750 - HarmonicBot - ERROR - Erreur connexion exchange: binance {"code":-2008,"msg":"Invalid Api-Key ID."}
2025-09-26 19:02:50,750 - HarmonicBot - ERROR - Erreur connexion exchange: binance {"code":-2008,"msg":"Invalid Api-Key ID."}
2025-09-26 19:03:53,727 - HarmonicBot - ERROR - Erreur connexion exchange: binance {"code":-2008,"msg":"Invalid Api-Key ID."}
2025-09-26 19:03:53,727 - HarmonicBot - ERROR - Erreur connexion exchange: binance {"code":-2008,"msg":"Invalid Api-Key ID."}
2025-09-26 19:03:53,727 - HarmonicBot - ERROR - Erreur connexion exchange: binance {"code":-2008,"msg":"Invalid Api-Key ID."}
2025-09-26 19:03:53,727 - HarmonicBot - ERROR - Erreur connexion exchange: binance {"code":-2008,"msg":"Invalid Api-Key ID."}
2025-09-26 19:03:53,727 - HarmonicBot - ERROR - Erreur connexion exchange: binance {"code":-2008,"msg":"Invalid Api-Key ID."}
2025-09-26 19:03:53,727 - HarmonicBot - ERROR - Erreur connexion exchange: binance {"code":-2008,"msg":"Invalid Api-Key ID."}
2025-09-26 19:04:56,805 - HarmonicBot - ERROR - Erreur connexion exchange: binance {"code":-2008,"msg":"Invalid Api-Key ID."}
2025-09-26 19:04:56,805 - HarmonicBot - ERROR - Erreur connexion exchange: binance {"code":-2008,"msg":"Invalid Api-Key ID."}
2025-09-26 19:04:56,805 - HarmonicBot - ERROR - Erreur connexion exchange: binance {"code":-2008,"msg":"Invalid Api-Key ID."}
2025-09-26 19:04:56,805 - HarmonicBot - ERROR - Erreur connexion exchange: binance {"code":-2008,"msg":"Invalid Api-Key ID."}
2025-09-26 19:04:56,805 - HarmonicBot - ERROR - Erreur connexion exchange: binance {"code":-2008,"msg":"Invalid Api-Key ID."}
2025-09-26 19:04:56,805 - HarmonicBot - ERROR - Erreur connexion exchange: binance {"code":-2008,"msg":"Invalid Api-Key ID."}
2025-09-26 19:06:00,000 - HarmonicBot - ERROR - Erreur connexion exchange: binance {"code":-2008,"msg":"Invalid Api-Key ID."}
2025-09-26 19:06:00,000 - HarmonicBot - ERROR - Erreur connexion exchange: binance {"code":-2008,"msg":"Invalid Api-Key ID."}
2025-09-26 19:06:00,000 - HarmonicBot - ERROR - Erreur connexion exchange: binance {"code":-2008,"msg":"Invalid Api-Key ID."}
2025-09-26 19:06:00,000 - HarmonicBot - ERROR - Erreur connexion exchange: binance {"code":-2008,"msg":"Invalid Api-Key ID."}
2025-09-26 19:06:00,000 - HarmonicBot - ERROR - Erreur connexion exchange: binance {"code":-2008,"msg":"Invalid Api-Key ID."}
2025-09-26 19:06:00,000 - HarmonicBot - ERROR - Erreur connexion exchange: binance {"code":-2008,"msg":"Invalid Api-Key ID."}
2025-09-26 19:07:03,065 - HarmonicBot - ERROR - Erreur connexion exchange: binance {"code":-2008,"msg":"Invalid Api-Key ID."}
2025-09-26 19:07:03,065 - HarmonicBot - ERROR - Erreur connexion exchange: binance {"code":-2008,"msg":"Invalid Api-Key ID."}
2025-09-26 19:07:03,065 - HarmonicBot - ERROR - Erreur connexion exchange: binance {"code":-2008,"msg":"Invalid Api-Key ID."}
2025-09-26 19:07:03,065 - HarmonicBot - ERROR - Erreur connexion exchange: binance {"code":-2008,"msg":"Invalid Api-Key ID."}
2025-09-26 19:07:03,065 - HarmonicBot - ERROR - Erreur connexion exchange: binance {"code":-2008,"msg":"Invalid Api-Key ID."}
2025-09-26 19:07:03,065 - HarmonicBot - ERROR - Erreur connexion exchange: binance {"code":-2008,"msg":"Invalid Api-Key ID."}
2025-09-26 19:08:06,144 - HarmonicBot - ERROR - Erreur connexion exchange: binance {"code":-2008,"msg":"Invalid Api-Key ID."}
2025-09-26 19:08:06,144 - HarmonicBot - ERROR - Erreur connexion exchange: binance {"code":-2008,"msg":"Invalid Api-Key ID."}
2025-09-26 19:08:06,144 - HarmonicBot - ERROR - Erreur connexion exchange: binance {"code":-2008,"msg":"Invalid Api-Key ID."}
2025-09-26 19:08:06,144 - HarmonicBot - ERROR - Erreur connexion exchange: binance {"code":-2008,"msg":"Invalid Api-Key ID."}
2025-09-26 19:08:06,144 - HarmonicBot - ERROR - Erreur connexion exchange: binance {"code":-2008,"msg":"Invalid Api-Key ID."}
2025-09-26 19:08:06,144 - HarmonicBot - ERROR - Erreur connexion exchange: binance {"code":-2008,"msg":"Invalid Api-Key ID."}
2025-09-26 19:09:09,120 - HarmonicBot - ERROR - Erreur connexion exchange: binance {"code":-2008,"msg":"Invalid Api-Key ID."}
2025-09-26 19:09:09,120 - HarmonicBot - ERROR - Erreur connexion exchange: binance {"code":-2008,"msg":"Invalid Api-Key ID."}
2025-09-26 19:09:09,120 - HarmonicBot - ERROR - Erreur connexion exchange: binance {"code":-2008,"msg":"Invalid Api-Key ID."}
2025-09-26 19:09:09,120 - HarmonicBot - ERROR - Erreur connexion exchange: binance {"code":-2008,"msg":"Invalid Api-Key ID."}
2025-09-26 19:09:09,120 - HarmonicBot - ERROR - Erreur connexion exchange: binance {"code":-2008,"msg":"Invalid Api-Key ID."}
2025-09-26 19:09:09,120 - HarmonicBot - ERROR - Erreur connexion exchange: binance {"code":-2008,"msg":"Invalid Api-Key ID."}
2025-09-26 19:10:12,096 - HarmonicBot - ERROR - Erreur connexion exchange: binance {"code":-2008,"msg":"Invalid Api-Key ID."}
2025-09-26 19:10:12,096 - HarmonicBot - ERROR - Erreur connexion exchange: binance {"code":-2008,"msg":"Invalid Api-Key ID."}
2025-09-26 19:10:12,096 - HarmonicBot - ERROR - Erreur connexion exchange: binance {"code":-2008,"msg":"Invalid Api-Key ID."}
2025-09-26 19:10:12,096 - HarmonicBot - ERROR - Erreur connexion exchange: binance {"code":-2008,"msg":"Invalid Api-Key ID."}
2025-09-26 19:10:12,096 - HarmonicBot - ERROR - Erreur connexion exchange: binance {"code":-2008,"msg":"Invalid Api-Key ID."}
2025-09-26 19:10:12,096 - HarmonicBot - ERROR - Erreur connexion exchange: binance {"code":-2008,"msg":"Invalid Api-Key ID."}
2025-09-26 19:11:15,175 - HarmonicBot - ERROR - Erreur connexion exchange: binance {"code":-2008,"msg":"Invalid Api-Key ID."}
2025-09-26 19:11:15,175 - HarmonicBot - ERROR - Erreur connexion exchange: binance {"code":-2008,"msg":"Invalid Api-Key ID."}
2025-09-26 19:11:15,175 - HarmonicBot - ERROR - Erreur connexion exchange: binance {"code":-2008,"msg":"Invalid Api-Key ID."}
2025-09-26 19:11:15,175 - HarmonicBot - ERROR - Erreur connexion exchange: binance {"code":-2008,"msg":"Invalid Api-Key ID."}
2025-09-26 19:11:15,175 - HarmonicBot - ERROR - Erreur connexion exchange: binance {"code":-2008,"msg":"Invalid Api-Key ID."}
2025-09-26 19:11:15,175 - HarmonicBot - ERROR - Erreur connexion exchange: binance {"code":-2008,"msg":"Invalid Api-Key ID."}
2025-09-26 19:12:18,364 - HarmonicBot - ERROR - Erreur connexion exchange: binance {"code":-2008,"msg":"Invalid Api-Key ID."}
2025-09-26 19:12:18,364 - HarmonicBot - ERROR - Erreur connexion exchange: binance {"code":-2008,"msg":"Invalid Api-Key ID."}
2025-09-26 19:12:18,364 - HarmonicBot - ERROR - Erreur connexion exchange: binance {"code":-2008,"msg":"Invalid Api-Key ID."}
2025-09-26 19:12:18,364 - HarmonicBot - ERROR - Erreur connexion exchange: binance {"code":-2008,"msg":"Invalid Api-Key ID."}
2025-09-26 19:12:18,364 - HarmonicBot - ERROR - Erreur connexion exchange: binance {"code":-2008,"msg":"Invalid Api-Key ID."}
2025-09-26 19:12:18,364 - HarmonicBot - ERROR - Erreur connexion exchange: binance {"code":-2008,"msg":"Invalid Api-Key ID."}
2025-09-26 19:13:21,538 - HarmonicBot - ERROR - Erreur connexion exchange: binance {"code":-2008,"msg":"Invalid Api-Key ID."}
2025-09-26 19:13:21,538 - HarmonicBot - ERROR - Erreur connexion exchange: binance {"code":-2008,"msg":"Invalid Api-Key ID."}
2025-09-26 19:13:21,538 - HarmonicBot - ERROR - Erreur connexion exchange: binance {"code":-2008,"msg":"Invalid Api-Key ID."}
2025-09-26 19:13:21,538 - HarmonicBot - ERROR - Erreur connexion exchange: binance {"code":-2008,"msg":"Invalid Api-Key ID."}
2025-09-26 19:13:21,538 - HarmonicBot - ERROR - Erreur connexion exchange: binance {"code":-2008,"msg":"Invalid Api-Key ID."}
2025-09-26 19:13:21,538 - HarmonicBot - ERROR - Erreur connexion exchange: binance {"code":-2008,"msg":"Invalid Api-Key ID."}
2025-09-26 19:14:24,627 - HarmonicBot - ERROR - Erreur connexion exchange: binance {"code":-2008,"msg":"Invalid Api-Key ID."}
2025-09-26 19:14:24,627 - HarmonicBot - ERROR - Erreur connexion exchange: binance {"code":-2008,"msg":"Invalid Api-Key ID."}
2025-09-26 19:14:24,627 - HarmonicBot - ERROR - Erreur connexion exchange: binance {"code":-2008,"msg":"Invalid Api-Key ID."}
2025-09-26 19:14:24,627 - HarmonicBot - ERROR - Erreur connexion exchange: binance {"code":-2008,"msg":"Invalid Api-Key ID."}
2025-09-26 19:14:24,627 - HarmonicBot - ERROR - Erreur connexion exchange: binance {"code":-2008,"msg":"Invalid Api-Key ID."}
2025-09-26 19:14:24,627 - HarmonicBot - ERROR - Erreur connexion exchange: binance {"code":-2008,"msg":"Invalid Api-Key ID."}
2025-09-26 19:17:56,413 - HarmonicBot - ERROR - Erreur connexion exchange: binance GET https://api.binance.com/sapi/v1/capital/config/getall?timestamp=1758907076358&recvWindow=10000&signature=f3b8db3054c148c6863b177ee010d863c80264d96c01c83c636ffaef28c7ba20
2025-09-26 19:17:56,413 - HarmonicBot - ERROR - Erreur connexion exchange: binance GET https://api.binance.com/sapi/v1/capital/config/getall?timestamp=1758907076358&recvWindow=10000&signature=f3b8db3054c148c6863b177ee010d863c80264d96c01c83c636ffaef28c7ba20
2025-09-26 19:17:56,413 - HarmonicBot - ERROR - Erreur connexion exchange: binance GET https://api.binance.com/sapi/v1/capital/config/getall?timestamp=1758907076358&recvWindow=10000&signature=f3b8db3054c148c6863b177ee010d863c80264d96c01c83c636ffaef28c7ba20
2025-09-26 19:17:56,413 - HarmonicBot - ERROR - Erreur connexion exchange: binance GET https://api.binance.com/sapi/v1/capital/config/getall?timestamp=1758907076358&recvWindow=10000&signature=f3b8db3054c148c6863b177ee010d863c80264d96c01c83c636ffaef28c7ba20
2025-09-26 19:17:56,413 - HarmonicBot - ERROR - Erreur connexion exchange: binance GET https://api.binance.com/sapi/v1/capital/config/getall?timestamp=1758907076358&recvWindow=10000&signature=f3b8db3054c148c6863b177ee010d863c80264d96c01c83c636ffaef28c7ba20
2025-09-26 19:17:56,413 - HarmonicBot - ERROR - Erreur connexion exchange: binance GET https://api.binance.com/sapi/v1/capital/config/getall?timestamp=1758907076358&recvWindow=10000&signature=f3b8db3054c148c6863b177ee010d863c80264d96c01c83c636ffaef28c7ba20
2025-09-26 19:19:00,798 - HarmonicBot - ERROR - Erreur connexion exchange: binance {"code":-2008,"msg":"Invalid Api-Key ID."}
2025-09-26 19:19:00,798 - HarmonicBot - ERROR - Erreur connexion exchange: binance {"code":-2008,"msg":"Invalid Api-Key ID."}
2025-09-26 19:19:00,798 - HarmonicBot - ERROR - Erreur connexion exchange: binance {"code":-2008,"msg":"Invalid Api-Key ID."}
2025-09-26 19:19:00,798 - HarmonicBot - ERROR - Erreur connexion exchange: binance {"code":-2008,"msg":"Invalid Api-Key ID."}
2025-09-26 19:19:00,798 - HarmonicBot - ERROR - Erreur connexion exchange: binance {"code":-2008,"msg":"Invalid Api-Key ID."}
2025-09-26 19:19:00,798 - HarmonicBot - ERROR - Erreur connexion exchange: binance {"code":-2008,"msg":"Invalid Api-Key ID."}
2025-09-26 19:20:04,857 - HarmonicBot - ERROR - Erreur connexion exchange: binance {"code":-2008,"msg":"Invalid Api-Key ID."}
2025-09-26 19:20:04,857 - HarmonicBot - ERROR - Erreur connexion exchange: binance {"code":-2008,"msg":"Invalid Api-Key ID."}
2025-09-26 19:20:04,857 - HarmonicBot - ERROR - Erreur connexion exchange: binance {"code":-2008,"msg":"Invalid Api-Key ID."}
2025-09-26 19:20:04,857 - HarmonicBot - ERROR - Erreur connexion exchange: binance {"code":-2008,"msg":"Invalid Api-Key ID."}
2025-09-26 19:20:04,857 - HarmonicBot - ERROR - Erreur connexion exchange: binance {"code":-2008,"msg":"Invalid Api-Key ID."}
2025-09-26 19:20:04,857 - HarmonicBot - ERROR - Erreur connexion exchange: binance {"code":-2008,"msg":"Invalid Api-Key ID."}
2025-09-26 19:21:08,480 - HarmonicBot - ERROR - Erreur connexion exchange: binance {"code":-2008,"msg":"Invalid Api-Key ID."}
2025-09-26 19:21:08,480 - HarmonicBot - ERROR - Erreur connexion exchange: binance {"code":-2008,"msg":"Invalid Api-Key ID."}
2025-09-26 19:21:08,480 - HarmonicBot - ERROR - Erreur connexion exchange: binance {"code":-2008,"msg":"Invalid Api-Key ID."}
2025-09-26 19:21:08,480 - HarmonicBot - ERROR - Erreur connexion exchange: binance {"code":-2008,"msg":"Invalid Api-Key ID."}
2025-09-26 19:21:08,480 - HarmonicBot - ERROR - Erreur connexion exchange: binance {"code":-2008,"msg":"Invalid Api-Key ID."}
2025-09-26 19:21:08,480 - HarmonicBot - ERROR - Erreur connexion exchange: binance {"code":-2008,"msg":"Invalid Api-Key ID."}
2025-09-26 19:22:12,078 - HarmonicBot - ERROR - Erreur connexion exchange: binance {"code":-2008,"msg":"Invalid Api-Key ID."}
2025-09-26 19:22:12,078 - HarmonicBot - ERROR - Erreur connexion exchange: binance {"code":-2008,"msg":"Invalid Api-Key ID."}
2025-09-26 19:22:12,078 - HarmonicBot - ERROR - Erreur connexion exchange: binance {"code":-2008,"msg":"Invalid Api-Key ID."}
2025-09-26 19:22:12,078 - HarmonicBot - ERROR - Erreur connexion exchange: binance {"code":-2008,"msg":"Invalid Api-Key ID."}
2025-09-26 19:22:12,078 - HarmonicBot - ERROR - Erreur connexion exchange: binance {"code":-2008,"msg":"Invalid Api-Key ID."}
2025-09-26 19:22:12,078 - HarmonicBot - ERROR - Erreur connexion exchange: binance {"code":-2008,"msg":"Invalid Api-Key ID."}
2025-09-26 19:23:15,773 - HarmonicBot - ERROR - Erreur connexion exchange: binance {"code":-2008,"msg":"Invalid Api-Key ID."}
2025-09-26 19:23:15,773 - HarmonicBot - ERROR - Erreur connexion exchange: binance {"code":-2008,"msg":"Invalid Api-Key ID."}
2025-09-26 19:23:15,773 - HarmonicBot - ERROR - Erreur connexion exchange: binance {"code":-2008,"msg":"Invalid Api-Key ID."}
2025-09-26 19:23:15,773 - HarmonicBot - ERROR - Erreur connexion exchange: binance {"code":-2008,"msg":"Invalid Api-Key ID."}
2025-09-26 19:23:15,773 - HarmonicBot - ERROR - Erreur connexion exchange: binance {"code":-2008,"msg":"Invalid Api-Key ID."}
2025-09-26 19:23:15,773 - HarmonicBot - ERROR - Erreur connexion exchange: binance {"code":-2008,"msg":"Invalid Api-Key ID."}
2025-09-26 19:24:19,362 - HarmonicBot - ERROR - Erreur connexion exchange: binance {"code":-2008,"msg":"Invalid Api-Key ID."}
2025-09-26 19:24:19,362 - HarmonicBot - ERROR - Erreur connexion exchange: binance {"code":-2008,"msg":"Invalid Api-Key ID."}
2025-09-26 19:24:19,362 - HarmonicBot - ERROR - Erreur connexion exchange: binance {"code":-2008,"msg":"Invalid Api-Key ID."}
2025-09-26 19:24:19,362 - HarmonicBot - ERROR - Erreur connexion exchange: binance {"code":-2008,"msg":"Invalid Api-Key ID."}
2025-09-26 19:24:19,362 - HarmonicBot - ERROR - Erreur connexion exchange: binance {"code":-2008,"msg":"Invalid Api-Key ID."}
2025-09-26 19:24:19,362 - HarmonicBot - ERROR - Erreur connexion exchange: binance {"code":-2008,"msg":"Invalid Api-Key ID."}
2025-09-26 19:25:22,971 - HarmonicBot - ERROR - Erreur connexion exchange: binance {"code":-2008,"msg":"Invalid Api-Key ID."}
2025-09-26 19:25:22,971 - HarmonicBot - ERROR - Erreur connexion exchange: binance {"code":-2008,"msg":"Invalid Api-Key ID."}
2025-09-26 19:25:22,971 - HarmonicBot - ERROR - Erreur connexion exchange: binance {"code":-2008,"msg":"Invalid Api-Key ID."}
2025-09-26 19:25:22,971 - HarmonicBot - ERROR - Erreur connexion exchange: binance {"code":-2008,"msg":"Invalid Api-Key ID."}
2025-09-26 19:25:22,971 - HarmonicBot - ERROR - Erreur connexion exchange: binance {"code":-2008,"msg":"Invalid Api-Key ID."}
2025-09-26 19:25:22,971 - HarmonicBot - ERROR - Erreur connexion exchange: binance {"code":-2008,"msg":"Invalid Api-Key ID."}
2025-09-26 19:26:26,544 - HarmonicBot - ERROR - Erreur connexion exchange: binance {"code":-2008,"msg":"Invalid Api-Key ID."}
2025-09-26 19:26:26,544 - HarmonicBot - ERROR - Erreur connexion exchange: binance {"code":-2008,"msg":"Invalid Api-Key ID."}
2025-09-26 19:26:26,544 - HarmonicBot - ERROR - Erreur connexion exchange: binance {"code":-2008,"msg":"Invalid Api-Key ID."}
2025-09-26 19:26:26,544 - HarmonicBot - ERROR - Erreur connexion exchange: binance {"code":-2008,"msg":"Invalid Api-Key ID."}
2025-09-26 19:26:26,544 - HarmonicBot - ERROR - Erreur connexion exchange: binance {"code":-2008,"msg":"Invalid Api-Key ID."}
2025-09-26 19:26:26,544 - HarmonicBot - ERROR - Erreur connexion exchange: binance {"code":-2008,"msg":"Invalid Api-Key ID."}
2025-09-26 19:27:30,238 - HarmonicBot - ERROR - Erreur connexion exchange: binance {"code":-2008,"msg":"Invalid Api-Key ID."}
2025-09-26 19:27:30,238 - HarmonicBot - ERROR - Erreur connexion exchange: binance {"code":-2008,"msg":"Invalid Api-Key ID."}
2025-09-26 19:27:30,238 - HarmonicBot - ERROR - Erreur connexion exchange: binance {"code":-2008,"msg":"Invalid Api-Key ID."}
2025-09-26 19:27:30,238 - HarmonicBot - ERROR - Erreur connexion exchange: binance {"code":-2008,"msg":"Invalid Api-Key ID."}
2025-09-26 19:27:30,238 - HarmonicBot - ERROR - Erreur connexion exchange: binance {"code":-2008,"msg":"Invalid Api-Key ID."}
2025-09-26 19:27:30,238 - HarmonicBot - ERROR - Erreur connexion exchange: binance {"code":-2008,"msg":"Invalid Api-Key ID."}
2025-09-26 19:28:33,724 - HarmonicBot - ERROR - Erreur connexion exchange: binance {"code":-2008,"msg":"Invalid Api-Key ID."}
2025-09-26 19:28:33,724 - HarmonicBot - ERROR - Erreur connexion exchange: binance {"code":-2008,"msg":"Invalid Api-Key ID."}
2025-09-26 19:28:33,724 - HarmonicBot - ERROR - Erreur connexion exchange: binance {"code":-2008,"msg":"Invalid Api-Key ID."}
2025-09-26 19:28:33,724 - HarmonicBot - ERROR - Erreur connexion exchange: binance {"code":-2008,"msg":"Invalid Api-Key ID."}
2025-09-26 19:28:33,724 - HarmonicBot - ERROR - Erreur connexion exchange: binance {"code":-2008,"msg":"Invalid Api-Key ID."}
2025-09-26 19:28:33,724 - HarmonicBot - ERROR - Erreur connexion exchange: binance {"code":-2008,"msg":"Invalid Api-Key ID."}
2025-09-26 19:29:37,624 - HarmonicBot - ERROR - Erreur connexion exchange: binance {"code":-2008,"msg":"Invalid Api-Key ID."}
2025-09-26 19:29:37,624 - HarmonicBot - ERROR - Erreur connexion exchange: binance {"code":-2008,"msg":"Invalid Api-Key ID."}
2025-09-26 19:29:37,624 - HarmonicBot - ERROR - Erreur connexion exchange: binance {"code":-2008,"msg":"Invalid Api-Key ID."}
2025-09-26 19:29:37,624 - HarmonicBot - ERROR - Erreur connexion exchange: binance {"code":-2008,"msg":"Invalid Api-Key ID."}
2025-09-26 19:29:37,624 - HarmonicBot - ERROR - Erreur connexion exchange: binance {"code":-2008,"msg":"Invalid Api-Key ID."}
2025-09-26 19:29:37,624 - HarmonicBot - ERROR - Erreur connexion exchange: binance {"code":-2008,"msg":"Invalid Api-Key ID."}
2025-09-26 19:30:41,215 - HarmonicBot - ERROR - Erreur connexion exchange: binance {"code":-2008,"msg":"Invalid Api-Key ID."}
2025-09-26 19:30:41,215 - HarmonicBot - ERROR - Erreur connexion exchange: binance {"code":-2008,"msg":"Invalid Api-Key ID."}
2025-09-26 19:30:41,215 - HarmonicBot - ERROR - Erreur connexion exchange: binance {"code":-2008,"msg":"Invalid Api-Key ID."}
2025-09-26 19:30:41,215 - HarmonicBot - ERROR - Erreur connexion exchange: binance {"code":-2008,"msg":"Invalid Api-Key ID."}
2025-09-26 19:30:41,215 - HarmonicBot - ERROR - Erreur connexion exchange: binance {"code":-2008,"msg":"Invalid Api-Key ID."}
2025-09-26 19:30:41,215 - HarmonicBot - ERROR - Erreur connexion exchange: binance {"code":-2008,"msg":"Invalid Api-Key ID."}
2025-09-26 19:31:44,907 - HarmonicBot - ERROR - Erreur connexion exchange: binance {"code":-2008,"msg":"Invalid Api-Key ID."}
2025-09-26 19:31:44,907 - HarmonicBot - ERROR - Erreur connexion exchange: binance {"code":-2008,"msg":"Invalid Api-Key ID."}
2025-09-26 19:31:44,907 - HarmonicBot - ERROR - Erreur connexion exchange: binance {"code":-2008,"msg":"Invalid Api-Key ID."}
2025-09-26 19:31:44,907 - HarmonicBot - ERROR - Erreur connexion exchange: binance {"code":-2008,"msg":"Invalid Api-Key ID."}
2025-09-26 19:31:44,907 - HarmonicBot - ERROR - Erreur connexion exchange: binance {"code":-2008,"msg":"Invalid Api-Key ID."}
2025-09-26 19:31:44,907 - HarmonicBot - ERROR - Erreur connexion exchange: binance {"code":-2008,"msg":"Invalid Api-Key ID."}
2025-09-26 19:32:48,708 - HarmonicBot - ERROR - Erreur connexion exchange: binance {"code":-2008,"msg":"Invalid Api-Key ID."}
2025-09-26 19:32:48,708 - HarmonicBot - ERROR - Erreur connexion exchange: binance {"code":-2008,"msg":"Invalid Api-Key ID."}
2025-09-26 19:32:48,708 - HarmonicBot - ERROR - Erreur connexion exchange: binance {"code":-2008,"msg":"Invalid Api-Key ID."}
2025-09-26 19:32:48,708 - HarmonicBot - ERROR - Erreur connexion exchange: binance {"code":-2008,"msg":"Invalid Api-Key ID."}
2025-09-26 19:32:48,708 - HarmonicBot - ERROR - Erreur connexion exchange: binance {"code":-2008,"msg":"Invalid Api-Key ID."}
2025-09-26 19:32:48,708 - HarmonicBot - ERROR - Erreur connexion exchange: binance {"code":-2008,"msg":"Invalid Api-Key ID."}
2025-09-26 19:33:52,710 - HarmonicBot - ERROR - Erreur connexion exchange: binance {"code":-2008,"msg":"Invalid Api-Key ID."}
2025-09-26 19:33:52,710 - HarmonicBot - ERROR - Erreur connexion exchange: binance {"code":-2008,"msg":"Invalid Api-Key ID."}
2025-09-26 19:33:52,710 - HarmonicBot - ERROR - Erreur connexion exchange: binance {"code":-2008,"msg":"Invalid Api-Key ID."}
2025-09-26 19:33:52,710 - HarmonicBot - ERROR - Erreur connexion exchange: binance {"code":-2008,"msg":"Invalid Api-Key ID."}
2025-09-26 19:33:52,710 - HarmonicBot - ERROR - Erreur connexion exchange: binance {"code":-2008,"msg":"Invalid Api-Key ID."}
2025-09-26 19:33:52,710 - HarmonicBot - ERROR - Erreur connexion exchange: binance {"code":-2008,"msg":"Invalid Api-Key ID."}
2025-09-26 19:34:55,987 - HarmonicBot - ERROR - Erreur connexion exchange: binance {"code":-2008,"msg":"Invalid Api-Key ID."}
2025-09-26 19:34:55,987 - HarmonicBot - ERROR - Erreur connexion exchange: binance {"code":-2008,"msg":"Invalid Api-Key ID."}
2025-09-26 19:34:55,987 - HarmonicBot - ERROR - Erreur connexion exchange: binance {"code":-2008,"msg":"Invalid Api-Key ID."}
2025-09-26 19:34:55,987 - HarmonicBot - ERROR - Erreur connexion exchange: binance {"code":-2008,"msg":"Invalid Api-Key ID."}
2025-09-26 19:34:55,987 - HarmonicBot - ERROR - Erreur connexion exchange: binance {"code":-2008,"msg":"Invalid Api-Key ID."}
2025-09-26 19:34:55,987 - HarmonicBot - ERROR - Erreur connexion exchange: binance {"code":-2008,"msg":"Invalid Api-Key ID."}
2025-09-26 19:35:59,128 - HarmonicBot - ERROR - Erreur connexion exchange: binance {"code":-2008,"msg":"Invalid Api-Key ID."}
2025-09-26 19:35:59,128 - HarmonicBot - ERROR - Erreur connexion exchange: binance {"code":-2008,"msg":"Invalid Api-Key ID."}
2025-09-26 19:35:59,128 - HarmonicBot - ERROR - Erreur connexion exchange: binance {"code":-2008,"msg":"Invalid Api-Key ID."}
2025-09-26 19:35:59,128 - HarmonicBot - ERROR - Erreur connexion exchange: binance {"code":-2008,"msg":"Invalid Api-Key ID."}
2025-09-26 19:35:59,128 - HarmonicBot - ERROR - Erreur connexion exchange: binance {"code":-2008,"msg":"Invalid Api-Key ID."}
2025-09-26 19:35:59,128 - HarmonicBot - ERROR - Erreur connexion exchange: binance {"code":-2008,"msg":"Invalid Api-Key ID."}
2025-09-26 19:37:02,246 - HarmonicBot - ERROR - Erreur connexion exchange: binance {"code":-2008,"msg":"Invalid Api-Key ID."}
2025-09-26 19:37:02,246 - HarmonicBot - ERROR - Erreur connexion exchange: binance {"code":-2008,"msg":"Invalid Api-Key ID."}
2025-09-26 19:37:02,246 - HarmonicBot - ERROR - Erreur connexion exchange: binance {"code":-2008,"msg":"Invalid Api-Key ID."}
2025-09-26 19:37:02,246 - HarmonicBot - ERROR - Erreur connexion exchange: binance {"code":-2008,"msg":"Invalid Api-Key ID."}
2025-09-26 19:37:02,246 - HarmonicBot - ERROR - Erreur connexion exchange: binance {"code":-2008,"msg":"Invalid Api-Key ID."}
2025-09-26 19:37:02,246 - HarmonicBot - ERROR - Erreur connexion exchange: binance {"code":-2008,"msg":"Invalid Api-Key ID."}
2025-09-26 19:38:09,341 - HarmonicBot - ERROR - Erreur connexion exchange: binance {"code":-2008,"msg":"Invalid Api-Key ID."}
2025-09-26 19:38:09,341 - HarmonicBot - ERROR - Erreur connexion exchange: binance {"code":-2008,"msg":"Invalid Api-Key ID."}
2025-09-26 19:38:09,341 - HarmonicBot - ERROR - Erreur connexion exchange: binance {"code":-2008,"msg":"Invalid Api-Key ID."}
2025-09-26 19:38:09,341 - HarmonicBot - ERROR - Erreur connexion exchange: binance {"code":-2008,"msg":"Invalid Api-Key ID."}
2025-09-26 19:38:09,341 - HarmonicBot - ERROR - Erreur connexion exchange: binance {"code":-2008,"msg":"Invalid Api-Key ID."}
2025-09-26 19:38:09,341 - HarmonicBot - ERROR - Erreur connexion exchange: binance {"code":-2008,"msg":"Invalid Api-Key ID."}
2025-09-26 19:39:14,383 - HarmonicBot - ERROR - Erreur connexion exchange: binance {"code":-2008,"msg":"Invalid Api-Key ID."}
2025-09-26 19:39:14,383 - HarmonicBot - ERROR - Erreur connexion exchange: binance {"code":-2008,"msg":"Invalid Api-Key ID."}
2025-09-26 19:39:14,383 - HarmonicBot - ERROR - Erreur connexion exchange: binance {"code":-2008,"msg":"Invalid Api-Key ID."}
2025-09-26 19:39:14,383 - HarmonicBot - ERROR - Erreur connexion exchange: binance {"code":-2008,"msg":"Invalid Api-Key ID."}
2025-09-26 19:39:14,383 - HarmonicBot - ERROR - Erreur connexion exchange: binance {"code":-2008,"msg":"Invalid Api-Key ID."}
2025-09-26 19:39:14,383 - HarmonicBot - ERROR - Erreur connexion exchange: binance {"code":-2008,"msg":"Invalid Api-Key ID."}
2025-09-26 19:40:18,446 - HarmonicBot - ERROR - Erreur connexion exchange: binance {"code":-2008,"msg":"Invalid Api-Key ID."}
2025-09-26 19:40:18,446 - HarmonicBot - ERROR - Erreur connexion exchange: binance {"code":-2008,"msg":"Invalid Api-Key ID."}
2025-09-26 19:40:18,446 - HarmonicBot - ERROR - Erreur connexion exchange: binance {"code":-2008,"msg":"Invalid Api-Key ID."}
2025-09-26 19:40:18,446 - HarmonicBot - ERROR - Erreur connexion exchange: binance {"code":-2008,"msg":"Invalid Api-Key ID."}
2025-09-26 19:40:18,446 - HarmonicBot - ERROR - Erreur connexion exchange: binance {"code":-2008,"msg":"Invalid Api-Key ID."}
2025-09-26 19:40:18,446 - HarmonicBot - ERROR - Erreur connexion exchange: binance {"code":-2008,"msg":"Invalid Api-Key ID."}
2025-09-26 19:41:22,446 - HarmonicBot - ERROR - Erreur connexion exchange: binance {"code":-2008,"msg":"Invalid Api-Key ID."}
2025-09-26 19:41:22,446 - HarmonicBot - ERROR - Erreur connexion exchange: binance {"code":-2008,"msg":"Invalid Api-Key ID."}
2025-09-26 19:41:22,446 - HarmonicBot - ERROR - Erreur connexion exchange: binance {"code":-2008,"msg":"Invalid Api-Key ID."}
2025-09-26 19:41:22,446 - HarmonicBot - ERROR - Erreur connexion exchange: binance {"code":-2008,"msg":"Invalid Api-Key ID."}
2025-09-26 19:41:22,446 - HarmonicBot - ERROR - Erreur connexion exchange: binance {"code":-2008,"msg":"Invalid Api-Key ID."}
2025-09-26 19:41:22,446 - HarmonicBot - ERROR - Erreur connexion exchange: binance {"code":-2008,"msg":"Invalid Api-Key ID."}
2025-09-26 19:42:26,319 - HarmonicBot - ERROR - Erreur connexion exchange: binance {"code":-2008,"msg":"Invalid Api-Key ID."}
2025-09-26 19:42:26,319 - HarmonicBot - ERROR - Erreur connexion exchange: binance {"code":-2008,"msg":"Invalid Api-Key ID."}
2025-09-26 19:42:26,319 - HarmonicBot - ERROR - Erreur connexion exchange: binance {"code":-2008,"msg":"Invalid Api-Key ID."}
2025-09-26 19:42:26,319 - HarmonicBot - ERROR - Erreur connexion exchange: binance {"code":-2008,"msg":"Invalid Api-Key ID."}
2025-09-26 19:42:26,319 - HarmonicBot - ERROR - Erreur connexion exchange: binance {"code":-2008,"msg":"Invalid Api-Key ID."}
2025-09-26 19:42:26,319 - HarmonicBot - ERROR - Erreur connexion exchange: binance {"code":-2008,"msg":"Invalid Api-Key ID."}
2025-09-26 19:43:30,242 - HarmonicBot - ERROR - Erreur connexion exchange: binance {"code":-2008,"msg":"Invalid Api-Key ID."}
2025-09-26 19:43:30,242 - HarmonicBot - ERROR - Erreur connexion exchange: binance {"code":-2008,"msg":"Invalid Api-Key ID."}
2025-09-26 19:43:30,242 - HarmonicBot - ERROR - Erreur connexion exchange: binance {"code":-2008,"msg":"Invalid Api-Key ID."}
2025-09-26 19:43:30,242 - HarmonicBot - ERROR - Erreur connexion exchange: binance {"code":-2008,"msg":"Invalid Api-Key ID."}
2025-09-26 19:43:30,242 - HarmonicBot - ERROR - Erreur connexion exchange: binance {"code":-2008,"msg":"Invalid Api-Key ID."}
2025-09-26 19:43:30,242 - HarmonicBot - ERROR - Erreur connexion exchange: binance {"code":-2008,"msg":"Invalid Api-Key ID."}
2025-09-26 19:44:34,242 - HarmonicBot - ERROR - Erreur connexion exchange: binance {"code":-2008,"msg":"Invalid Api-Key ID."}
2025-09-26 19:44:34,242 - HarmonicBot - ERROR - Erreur connexion exchange: binance {"code":-2008,"msg":"Invalid Api-Key ID."}
2025-09-26 19:44:34,242 - HarmonicBot - ERROR - Erreur connexion exchange: binance {"code":-2008,"msg":"Invalid Api-Key ID."}
2025-09-26 19:44:34,242 - HarmonicBot - ERROR - Erreur connexion exchange: binance {"code":-2008,"msg":"Invalid Api-Key ID."}
2025-09-26 19:44:34,242 - HarmonicBot - ERROR - Erreur connexion exchange: binance {"code":-2008,"msg":"Invalid Api-Key ID."}
2025-09-26 19:44:34,242 - HarmonicBot - ERROR - Erreur connexion exchange: binance {"code":-2008,"msg":"Invalid Api-Key ID."}
2025-09-26 19:45:38,033 - HarmonicBot - ERROR - Erreur connexion exchange: binance {"code":-2008,"msg":"Invalid Api-Key ID."}
2025-09-26 19:45:38,033 - HarmonicBot - ERROR - Erreur connexion exchange: binance {"code":-2008,"msg":"Invalid Api-Key ID."}
2025-09-26 19:45:38,033 - HarmonicBot - ERROR - Erreur connexion exchange: binance {"code":-2008,"msg":"Invalid Api-Key ID."}
2025-09-26 19:45:38,033 - HarmonicBot - ERROR - Erreur connexion exchange: binance {"code":-2008,"msg":"Invalid Api-Key ID."}
2025-09-26 19:45:38,033 - HarmonicBot - ERROR - Erreur connexion exchange: binance {"code":-2008,"msg":"Invalid Api-Key ID."}
2025-09-26 19:45:38,033 - HarmonicBot - ERROR - Erreur connexion exchange: binance {"code":-2008,"msg":"Invalid Api-Key ID."}
2025-09-26 19:46:41,763 - HarmonicBot - ERROR - Erreur connexion exchange: binance {"code":-2008,"msg":"Invalid Api-Key ID."}
2025-09-26 19:46:41,763 - HarmonicBot - ERROR - Erreur connexion exchange: binance {"code":-2008,"msg":"Invalid Api-Key ID."}
2025-09-26 19:46:41,763 - HarmonicBot - ERROR - Erreur connexion exchange: binance {"code":-2008,"msg":"Invalid Api-Key ID."}
2025-09-26 19:46:41,763 - HarmonicBot - ERROR - Erreur connexion exchange: binance {"code":-2008,"msg":"Invalid Api-Key ID."}
2025-09-26 19:46:41,763 - HarmonicBot - ERROR - Erreur connexion exchange: binance {"code":-2008,"msg":"Invalid Api-Key ID."}
2025-09-26 19:46:41,763 - HarmonicBot - ERROR - Erreur connexion exchange: binance {"code":-2008,"msg":"Invalid Api-Key ID."}
2025-09-26 19:47:45,629 - HarmonicBot - ERROR - Erreur connexion exchange: binance {"code":-2008,"msg":"Invalid Api-Key ID."}
2025-09-26 19:47:45,629 - HarmonicBot - ERROR - Erreur connexion exchange: binance {"code":-2008,"msg":"Invalid Api-Key ID."}
2025-09-26 19:47:45,629 - HarmonicBot - ERROR - Erreur connexion exchange: binance {"code":-2008,"msg":"Invalid Api-Key ID."}
2025-09-26 19:47:45,629 - HarmonicBot - ERROR - Erreur connexion exchange: binance {"code":-2008,"msg":"Invalid Api-Key ID."}
2025-09-26 19:47:45,629 - HarmonicBot - ERROR - Erreur connexion exchange: binance {"code":-2008,"msg":"Invalid Api-Key ID."}
2025-09-26 19:47:45,629 - HarmonicBot - ERROR - Erreur connexion exchange: binance {"code":-2008,"msg":"Invalid Api-Key ID."}
2025-09-26 19:48:50,569 - HarmonicBot - ERROR - Erreur connexion exchange: binance {"code":-2008,"msg":"Invalid Api-Key ID."}
2025-09-26 19:48:50,569 - HarmonicBot - ERROR - Erreur connexion exchange: binance {"code":-2008,"msg":"Invalid Api-Key ID."}
2025-09-26 19:48:50,569 - HarmonicBot - ERROR - Erreur connexion exchange: binance {"code":-2008,"msg":"Invalid Api-Key ID."}
2025-09-26 19:48:50,569 - HarmonicBot - ERROR - Erreur connexion exchange: binance {"code":-2008,"msg":"Invalid Api-Key ID."}
2025-09-26 19:48:50,569 - HarmonicBot - ERROR - Erreur connexion exchange: binance {"code":-2008,"msg":"Invalid Api-Key ID."}
2025-09-26 19:48:50,569 - HarmonicBot - ERROR - Erreur connexion exchange: binance {"code":-2008,"msg":"Invalid Api-Key ID."}
2025-09-26 19:49:54,551 - HarmonicBot - ERROR - Erreur connexion exchange: binance {"code":-2008,"msg":"Invalid Api-Key ID."}
2025-09-26 19:49:54,551 - HarmonicBot - ERROR - Erreur connexion exchange: binance {"code":-2008,"msg":"Invalid Api-Key ID."}
2025-09-26 19:49:54,551 - HarmonicBot - ERROR - Erreur connexion exchange: binance {"code":-2008,"msg":"Invalid Api-Key ID."}
2025-09-26 19:49:54,551 - HarmonicBot - ERROR - Erreur connexion exchange: binance {"code":-2008,"msg":"Invalid Api-Key ID."}
2025-09-26 19:49:54,551 - HarmonicBot - ERROR - Erreur connexion exchange: binance {"code":-2008,"msg":"Invalid Api-Key ID."}
2025-09-26 19:49:54,551 - HarmonicBot - ERROR - Erreur connexion exchange: binance {"code":-2008,"msg":"Invalid Api-Key ID."}
2025-09-26 19:50:58,449 - HarmonicBot - ERROR - Erreur connexion exchange: binance {"code":-2008,"msg":"Invalid Api-Key ID."}
2025-09-26 19:50:58,449 - HarmonicBot - ERROR - Erreur connexion exchange: binance {"code":-2008,"msg":"Invalid Api-Key ID."}
2025-09-26 19:50:58,449 - HarmonicBot - ERROR - Erreur connexion exchange: binance {"code":-2008,"msg":"Invalid Api-Key ID."}
2025-09-26 19:50:58,449 - HarmonicBot - ERROR - Erreur connexion exchange: binance {"code":-2008,"msg":"Invalid Api-Key ID."}
2025-09-26 19:50:58,449 - HarmonicBot - ERROR - Erreur connexion exchange: binance {"code":-2008,"msg":"Invalid Api-Key ID."}
2025-09-26 19:50:58,449 - HarmonicBot - ERROR - Erreur connexion exchange: binance {"code":-2008,"msg":"Invalid Api-Key ID."}
2025-09-26 19:52:02,244 - HarmonicBot - ERROR - Erreur connexion exchange: binance {"code":-2008,"msg":"Invalid Api-Key ID."}
2025-09-26 19:52:02,244 - HarmonicBot - ERROR - Erreur connexion exchange: binance {"code":-2008,"msg":"Invalid Api-Key ID."}
2025-09-26 19:52:02,244 - HarmonicBot - ERROR - Erreur connexion exchange: binance {"code":-2008,"msg":"Invalid Api-Key ID."}
2025-09-26 19:52:02,244 - HarmonicBot - ERROR - Erreur connexion exchange: binance {"code":-2008,"msg":"Invalid Api-Key ID."}
2025-09-26 19:52:02,244 - HarmonicBot - ERROR - Erreur connexion exchange: binance {"code":-2008,"msg":"Invalid Api-Key ID."}
2025-09-26 19:52:02,244 - HarmonicBot - ERROR - Erreur connexion exchange: binance {"code":-2008,"msg":"Invalid Api-Key ID."}
2025-09-26 19:53:06,141 - HarmonicBot - ERROR - Erreur connexion exchange: binance {"code":-2008,"msg":"Invalid Api-Key ID."}
2025-09-26 19:53:06,141 - HarmonicBot - ERROR - Erreur connexion exchange: binance {"code":-2008,"msg":"Invalid Api-Key ID."}
2025-09-26 19:53:06,141 - HarmonicBot - ERROR - Erreur connexion exchange: binance {"code":-2008,"msg":"Invalid Api-Key ID."}
2025-09-26 19:53:06,141 - HarmonicBot - ERROR - Erreur connexion exchange: binance {"code":-2008,"msg":"Invalid Api-Key ID."}
2025-09-26 19:53:06,141 - HarmonicBot - ERROR - Erreur connexion exchange: binance {"code":-2008,"msg":"Invalid Api-Key ID."}
2025-09-26 19:53:06,141 - HarmonicBot - ERROR - Erreur connexion exchange: binance {"code":-2008,"msg":"Invalid Api-Key ID."}
2025-09-26 19:54:09,425 - HarmonicBot - ERROR - Erreur connexion exchange: binance {"code":-2008,"msg":"Invalid Api-Key ID."}
2025-09-26 19:54:09,425 - HarmonicBot - ERROR - Erreur connexion exchange: binance {"code":-2008,"msg":"Invalid Api-Key ID."}
2025-09-26 19:54:09,425 - HarmonicBot - ERROR - Erreur connexion exchange: binance {"code":-2008,"msg":"Invalid Api-Key ID."}
2025-09-26 19:54:09,425 - HarmonicBot - ERROR - Erreur connexion exchange: binance {"code":-2008,"msg":"Invalid Api-Key ID."}
2025-09-26 19:54:09,425 - HarmonicBot - ERROR - Erreur connexion exchange: binance {"code":-2008,"msg":"Invalid Api-Key ID."}
2025-09-26 19:54:09,425 - HarmonicBot - ERROR - Erreur connexion exchange: binance {"code":-2008,"msg":"Invalid Api-Key ID."}
2025-09-26 19:55:14,350 - HarmonicBot - ERROR - Erreur connexion exchange: binance {"code":-2008,"msg":"Invalid Api-Key ID."}
2025-09-26 19:55:14,350 - HarmonicBot - ERROR - Erreur connexion exchange: binance {"code":-2008,"msg":"Invalid Api-Key ID."}
2025-09-26 19:55:14,350 - HarmonicBot - ERROR - Erreur connexion exchange: binance {"code":-2008,"msg":"Invalid Api-Key ID."}
2025-09-26 19:55:14,350 - HarmonicBot - ERROR - Erreur connexion exchange: binance {"code":-2008,"msg":"Invalid Api-Key ID."}
2025-09-26 19:55:14,350 - HarmonicBot - ERROR - Erreur connexion exchange: binance {"code":-2008,"msg":"Invalid Api-Key ID."}
2025-09-26 19:55:14,350 - HarmonicBot - ERROR - Erreur connexion exchange: binance {"code":-2008,"msg":"Invalid Api-Key ID."}
2025-09-26 19:56:27,917 - HarmonicBot - ERROR - Erreur connexion exchange: binance {"code":-2008,"msg":"Invalid Api-Key ID."}
2025-09-26 19:56:27,917 - HarmonicBot - ERROR - Erreur connexion exchange: binance {"code":-2008,"msg":"Invalid Api-Key ID."}
2025-09-26 19:56:27,917 - HarmonicBot - ERROR - Erreur connexion exchange: binance {"code":-2008,"msg":"Invalid Api-Key ID."}
2025-09-26 19:56:27,917 - HarmonicBot - ERROR - Erreur connexion exchange: binance {"code":-2008,"msg":"Invalid Api-Key ID."}
2025-09-26 19:56:27,917 - HarmonicBot - ERROR - Erreur connexion exchange: binance {"code":-2008,"msg":"Invalid Api-Key ID."}
2025-09-26 19:56:27,917 - HarmonicBot - ERROR - Erreur connexion exchange: binance {"code":-2008,"msg":"Invalid Api-Key ID."}
2025-09-26 19:56:52,682 - HarmonicBot - ERROR - Erreur connexion exchange: binance {"code":-2008,"msg":"Invalid Api-Key ID."}
2025-09-26 19:56:52,682 - HarmonicBot - ERROR - Erreur connexion exchange: binance {"code":-2008,"msg":"Invalid Api-Key ID."}
2025-09-26 19:56:52,682 - HarmonicBot - ERROR - Erreur connexion exchange: binance {"code":-2008,"msg":"Invalid Api-Key ID."}
2025-09-26 19:56:52,682 - HarmonicBot - ERROR - Erreur connexion exchange: binance {"code":-2008,"msg":"Invalid Api-Key ID."}
2025-09-26 19:56:52,682 - HarmonicBot - ERROR - Erreur connexion exchange: binance {"code":-2008,"msg":"Invalid Api-Key ID."}
2025-09-26 19:56:52,682 - HarmonicBot - ERROR - Erreur connexion exchange: binance {"code":-2008,"msg":"Invalid Api-Key ID."}
2025-09-26 19:57:10,259 - HarmonicBot - ERROR - Erreur connexion exchange: binance {"code":-2008,"msg":"Invalid Api-Key ID."}
2025-09-26 19:57:10,259 - HarmonicBot - ERROR - Erreur connexion exchange: binance {"code":-2008,"msg":"Invalid Api-Key ID."}
2025-09-26 19:57:10,259 - HarmonicBot - ERROR - Erreur connexion exchange: binance {"code":-2008,"msg":"Invalid Api-Key ID."}
2025-09-26 19:57:10,259 - HarmonicBot - ERROR - Erreur connexion exchange: binance {"code":-2008,"msg":"Invalid Api-Key ID."}
2025-09-26 19:57:10,259 - HarmonicBot - ERROR - Erreur connexion exchange: binance {"code":-2008,"msg":"Invalid Api-Key ID."}
2025-09-26 19:57:10,259 - HarmonicBot - ERROR - Erreur connexion exchange: binance {"code":-2008,"msg":"Invalid Api-Key ID."}
2025-09-26 19:57:25,631 - HarmonicBot - ERROR - Erreur connexion exchange: binance {"code":-2008,"msg":"Invalid Api-Key ID."}
2025-09-26 19:57:25,631 - HarmonicBot - ERROR - Erreur connexion exchange: binance {"code":-2008,"msg":"Invalid Api-Key ID."}
2025-09-26 19:57:25,631 - HarmonicBot - ERROR - Erreur connexion exchange: binance {"code":-2008,"msg":"Invalid Api-Key ID."}
2025-09-26 19:57:25,631 - HarmonicBot - ERROR - Erreur connexion exchange: binance {"code":-2008,"msg":"Invalid Api-Key ID."}
2025-09-26 19:57:25,631 - HarmonicBot - ERROR - Erreur connexion exchange: binance {"code":-2008,"msg":"Invalid Api-Key ID."}
2025-09-26 19:57:25,631 - HarmonicBot - ERROR - Erreur connexion exchange: binance {"code":-2008,"msg":"Invalid Api-Key ID."}
2025-09-26 19:57:42,215 - HarmonicBot - ERROR - Erreur connexion exchange: binance {"code":-2008,"msg":"Invalid Api-Key ID."}
2025-09-26 19:57:42,215 - HarmonicBot - ERROR - Erreur connexion exchange: binance {"code":-2008,"msg":"Invalid Api-Key ID."}
2025-09-26 19:57:42,215 - HarmonicBot - ERROR - Erreur connexion exchange: binance {"code":-2008,"msg":"Invalid Api-Key ID."}
2025-09-26 19:57:42,215 - HarmonicBot - ERROR - Erreur connexion exchange: binance {"code":-2008,"msg":"Invalid Api-Key ID."}
2025-09-26 19:57:42,215 - HarmonicBot - ERROR - Erreur connexion exchange: binance {"code":-2008,"msg":"Invalid Api-Key ID."}
2025-09-26 19:57:42,215 - HarmonicBot - ERROR - Erreur connexion exchange: binance {"code":-2008,"msg":"Invalid Api-Key ID."}
2025-09-26 19:58:05,574 - HarmonicBot - ERROR - Erreur connexion exchange: binance {"code":-2008,"msg":"Invalid Api-Key ID."}
2025-09-26 19:58:05,574 - HarmonicBot - ERROR - Erreur connexion exchange: binance {"code":-2008,"msg":"Invalid Api-Key ID."}
2025-09-26 19:58:05,574 - HarmonicBot - ERROR - Erreur connexion exchange: binance {"code":-2008,"msg":"Invalid Api-Key ID."}
2025-09-26 19:58:05,574 - HarmonicBot - ERROR - Erreur connexion exchange: binance {"code":-2008,"msg":"Invalid Api-Key ID."}
2025-09-26 19:58:05,574 - HarmonicBot - ERROR - Erreur connexion exchange: binance {"code":-2008,"msg":"Invalid Api-Key ID."}
2025-09-26 19:58:05,574 - HarmonicBot - ERROR - Erreur connexion exchange: binance {"code":-2008,"msg":"Invalid Api-Key ID."}
2025-09-26 19:58:25,799 - HarmonicBot - ERROR - Erreur connexion exchange: binance {"code":-2008,"msg":"Invalid Api-Key ID."}
2025-09-26 19:58:25,799 - HarmonicBot - ERROR - Erreur connexion exchange: binance {"code":-2008,"msg":"Invalid Api-Key ID."}
2025-09-26 19:58:25,799 - HarmonicBot - ERROR - Erreur connexion exchange: binance {"code":-2008,"msg":"Invalid Api-Key ID."}
2025-09-26 19:58:25,799 - HarmonicBot - ERROR - Erreur connexion exchange: binance {"code":-2008,"msg":"Invalid Api-Key ID."}
2025-09-26 19:58:25,799 - HarmonicBot - ERROR - Erreur connexion exchange: binance {"code":-2008,"msg":"Invalid Api-Key ID."}
2025-09-26 19:58:25,799 - HarmonicBot - ERROR - Erreur connexion exchange: binance {"code":-2008,"msg":"Invalid Api-Key ID."}
2025-09-26 19:58:50,106 - HarmonicBot - ERROR - Erreur connexion exchange: binance {"code":-2008,"msg":"Invalid Api-Key ID."}
2025-09-26 19:58:50,106 - HarmonicBot - ERROR - Erreur connexion exchange: binance {"code":-2008,"msg":"Invalid Api-Key ID."}
2025-09-26 19:58:50,106 - HarmonicBot - ERROR - Erreur connexion exchange: binance {"code":-2008,"msg":"Invalid Api-Key ID."}
2025-09-26 19:58:50,106 - HarmonicBot - ERROR - Erreur connexion exchange: binance {"code":-2008,"msg":"Invalid Api-Key ID."}
2025-09-26 19:58:50,106 - HarmonicBot - ERROR - Erreur connexion exchange: binance {"code":-2008,"msg":"Invalid Api-Key ID."}
2025-09-26 19:58:50,106 - HarmonicBot - ERROR - Erreur connexion exchange: binance {"code":-2008,"msg":"Invalid Api-Key ID."}
2025-09-26 19:59:12,942 - HarmonicBot - ERROR - Erreur connexion exchange: binance {"code":-2008,"msg":"Invalid Api-Key ID."}
2025-09-26 19:59:12,942 - HarmonicBot - ERROR - Erreur connexion exchange: binance {"code":-2008,"msg":"Invalid Api-Key ID."}
2025-09-26 19:59:12,942 - HarmonicBot - ERROR - Erreur connexion exchange: binance {"code":-2008,"msg":"Invalid Api-Key ID."}
2025-09-26 19:59:12,942 - HarmonicBot - ERROR - Erreur connexion exchange: binance {"code":-2008,"msg":"Invalid Api-Key ID."}
2025-09-26 19:59:12,942 - HarmonicBot - ERROR - Erreur connexion exchange: binance {"code":-2008,"msg":"Invalid Api-Key ID."}
2025-09-26 19:59:12,942 - HarmonicBot - ERROR - Erreur connexion exchange: binance {"code":-2008,"msg":"Invalid Api-Key ID."}
2025-09-26 19:59:33,936 - HarmonicBot - ERROR - Erreur connexion exchange: binance {"code":-2008,"msg":"Invalid Api-Key ID."}
2025-09-26 19:59:33,936 - HarmonicBot - ERROR - Erreur connexion exchange: binance {"code":-2008,"msg":"Invalid Api-Key ID."}
2025-09-26 19:59:33,936 - HarmonicBot - ERROR - Erreur connexion exchange: binance {"code":-2008,"msg":"Invalid Api-Key ID."}
2025-09-26 19:59:33,936 - HarmonicBot - ERROR - Erreur connexion exchange: binance {"code":-2008,"msg":"Invalid Api-Key ID."}
2025-09-26 19:59:33,936 - HarmonicBot - ERROR - Erreur connexion exchange: binance {"code":-2008,"msg":"Invalid Api-Key ID."}
2025-09-26 19:59:33,936 - HarmonicBot - ERROR - Erreur connexion exchange: binance {"code":-2008,"msg":"Invalid Api-Key ID."}
2025-09-26 19:59:54,825 - HarmonicBot - ERROR - Erreur connexion exchange: binance {"code":-2008,"msg":"Invalid Api-Key ID."}
2025-09-26 19:59:54,825 - HarmonicBot - ERROR - Erreur connexion exchange: binance {"code":-2008,"msg":"Invalid Api-Key ID."}
2025-09-26 19:59:54,825 - HarmonicBot - ERROR - Erreur connexion exchange: binance {"code":-2008,"msg":"Invalid Api-Key ID."}
2025-09-26 19:59:54,825 - HarmonicBot - ERROR - Erreur connexion exchange: binance {"code":-2008,"msg":"Invalid Api-Key ID."}
2025-09-26 19:59:54,825 - HarmonicBot - ERROR - Erreur connexion exchange: binance {"code":-2008,"msg":"Invalid Api-Key ID."}
2025-09-26 19:59:54,825 - HarmonicBot - ERROR - Erreur connexion exchange: binance {"code":-2008,"msg":"Invalid Api-Key ID."}
2025-09-26 20:00:14,895 - HarmonicBot - ERROR - Erreur connexion exchange: binance {"code":-2008,"msg":"Invalid Api-Key ID."}
2025-09-26 20:00:14,895 - HarmonicBot - ERROR - Erreur connexion exchange: binance {"code":-2008,"msg":"Invalid Api-Key ID."}
2025-09-26 20:00:14,895 - HarmonicBot - ERROR - Erreur connexion exchange: binance {"code":-2008,"msg":"Invalid Api-Key ID."}
2025-09-26 20:00:14,895 - HarmonicBot - ERROR - Erreur connexion exchange: binance {"code":-2008,"msg":"Invalid Api-Key ID."}
2025-09-26 20:00:14,895 - HarmonicBot - ERROR - Erreur connexion exchange: binance {"code":-2008,"msg":"Invalid Api-Key ID."}
2025-09-26 20:00:14,895 - HarmonicBot - ERROR - Erreur connexion exchange: binance {"code":-2008,"msg":"Invalid Api-Key ID."}
2025-09-26 20:00:37,529 - HarmonicBot - ERROR - Erreur connexion exchange: binance {"code":-2008,"msg":"Invalid Api-Key ID."}
2025-09-26 20:00:37,529 - HarmonicBot - ERROR - Erreur connexion exchange: binance {"code":-2008,"msg":"Invalid Api-Key ID."}
2025-09-26 20:00:37,529 - HarmonicBot - ERROR - Erreur connexion exchange: binance {"code":-2008,"msg":"Invalid Api-Key ID."}
2025-09-26 20:00:37,529 - HarmonicBot - ERROR - Erreur connexion exchange: binance {"code":-2008,"msg":"Invalid Api-Key ID."}
2025-09-26 20:00:37,529 - HarmonicBot - ERROR - Erreur connexion exchange: binance {"code":-2008,"msg":"Invalid Api-Key ID."}
2025-09-26 20:00:37,529 - HarmonicBot - ERROR - Erreur connexion exchange: binance {"code":-2008,"msg":"Invalid Api-Key ID."}
2025-09-26 20:00:57,903 - HarmonicBot - ERROR - Erreur connexion exchange: binance {"code":-2008,"msg":"Invalid Api-Key ID."}
2025-09-26 20:00:57,903 - HarmonicBot - ERROR - Erreur connexion exchange: binance {"code":-2008,"msg":"Invalid Api-Key ID."}
2025-09-26 20:00:57,903 - HarmonicBot - ERROR - Erreur connexion exchange: binance {"code":-2008,"msg":"Invalid Api-Key ID."}
2025-09-26 20:00:57,903 - HarmonicBot - ERROR - Erreur connexion exchange: binance {"code":-2008,"msg":"Invalid Api-Key ID."}
2025-09-26 20:00:57,903 - HarmonicBot - ERROR - Erreur connexion exchange: binance {"code":-2008,"msg":"Invalid Api-Key ID."}
2025-09-26 20:00:57,903 - HarmonicBot - ERROR - Erreur connexion exchange: binance {"code":-2008,"msg":"Invalid Api-Key ID."}
2025-09-26 20:01:18,697 - HarmonicBot - ERROR - Erreur connexion exchange: binance {"code":-2008,"msg":"Invalid Api-Key ID."}
2025-09-26 20:01:18,697 - HarmonicBot - ERROR - Erreur connexion exchange: binance {"code":-2008,"msg":"Invalid Api-Key ID."}
2025-09-26 20:01:18,697 - HarmonicBot - ERROR - Erreur connexion exchange: binance {"code":-2008,"msg":"Invalid Api-Key ID."}
2025-09-26 20:01:18,697 - HarmonicBot - ERROR - Erreur connexion exchange: binance {"code":-2008,"msg":"Invalid Api-Key ID."}
2025-09-26 20:01:18,697 - HarmonicBot - ERROR - Erreur connexion exchange: binance {"code":-2008,"msg":"Invalid Api-Key ID."}
2025-09-26 20:01:18,697 - HarmonicBot - ERROR - Erreur connexion exchange: binance {"code":-2008,"msg":"Invalid Api-Key ID."}
2025-09-26 20:01:39,070 - HarmonicBot - ERROR - Erreur connexion exchange: binance {"code":-2008,"msg":"Invalid Api-Key ID."}
2025-09-26 20:01:39,070 - HarmonicBot - ERROR - Erreur connexion exchange: binance {"code":-2008,"msg":"Invalid Api-Key ID."}
2025-09-26 20:01:39,070 - HarmonicBot - ERROR - Erreur connexion exchange: binance {"code":-2008,"msg":"Invalid Api-Key ID."}
2025-09-26 20:01:39,070 - HarmonicBot - ERROR - Erreur connexion exchange: binance {"code":-2008,"msg":"Invalid Api-Key ID."}
2025-09-26 20:01:39,070 - HarmonicBot - ERROR - Erreur connexion exchange: binance {"code":-2008,"msg":"Invalid Api-Key ID."}
2025-09-26 20:01:39,070 - HarmonicBot - ERROR - Erreur connexion exchange: binance {"code":-2008,"msg":"Invalid Api-Key ID."}
2025-09-26 20:02:00,681 - HarmonicBot - ERROR - Erreur connexion exchange: binance {"code":-2008,"msg":"Invalid Api-Key ID."}
2025-09-26 20:02:00,681 - HarmonicBot - ERROR - Erreur connexion exchange: binance {"code":-2008,"msg":"Invalid Api-Key ID."}
2025-09-26 20:02:00,681 - HarmonicBot - ERROR - Erreur connexion exchange: binance {"code":-2008,"msg":"Invalid Api-Key ID."}
2025-09-26 20:02:00,681 - HarmonicBot - ERROR - Erreur connexion exchange: binance {"code":-2008,"msg":"Invalid Api-Key ID."}
2025-09-26 20:02:00,681 - HarmonicBot - ERROR - Erreur connexion exchange: binance {"code":-2008,"msg":"Invalid Api-Key ID."}
2025-09-26 20:02:00,681 - HarmonicBot - ERROR - Erreur connexion exchange: binance {"code":-2008,"msg":"Invalid Api-Key ID."}
2025-09-26 20:02:21,870 - HarmonicBot - ERROR - Erreur connexion exchange: binance {"code":-2008,"msg":"Invalid Api-Key ID."}
2025-09-26 20:02:21,870 - HarmonicBot - ERROR - Erreur connexion exchange: binance {"code":-2008,"msg":"Invalid Api-Key ID."}
2025-09-26 20:02:21,870 - HarmonicBot - ERROR - Erreur connexion exchange: binance {"code":-2008,"msg":"Invalid Api-Key ID."}
2025-09-26 20:02:21,870 - HarmonicBot - ERROR - Erreur connexion exchange: binance {"code":-2008,"msg":"Invalid Api-Key ID."}
2025-09-26 20:02:21,870 - HarmonicBot - ERROR - Erreur connexion exchange: binance {"code":-2008,"msg":"Invalid Api-Key ID."}
2025-09-26 20:02:21,870 - HarmonicBot - ERROR - Erreur connexion exchange: binance {"code":-2008,"msg":"Invalid Api-Key ID."}
2025-09-26 20:02:42,548 - HarmonicBot - ERROR - Erreur connexion exchange: binance {"code":-2008,"msg":"Invalid Api-Key ID."}
2025-09-26 20:02:42,548 - HarmonicBot - ERROR - Erreur connexion exchange: binance {"code":-2008,"msg":"Invalid Api-Key ID."}
2025-09-26 20:02:42,548 - HarmonicBot - ERROR - Erreur connexion exchange: binance {"code":-2008,"msg":"Invalid Api-Key ID."}
2025-09-26 20:02:42,548 - HarmonicBot - ERROR - Erreur connexion exchange: binance {"code":-2008,"msg":"Invalid Api-Key ID."}
2025-09-26 20:02:42,548 - HarmonicBot - ERROR - Erreur connexion exchange: binance {"code":-2008,"msg":"Invalid Api-Key ID."}
2025-09-26 20:02:42,548 - HarmonicBot - ERROR - Erreur connexion exchange: binance {"code":-2008,"msg":"Invalid Api-Key ID."}
2025-09-26 20:03:02,832 - HarmonicBot - ERROR - Erreur connexion exchange: binance {"code":-2008,"msg":"Invalid Api-Key ID."}
2025-09-26 20:03:02,832 - HarmonicBot - ERROR - Erreur connexion exchange: binance {"code":-2008,"msg":"Invalid Api-Key ID."}
2025-09-26 20:03:02,832 - HarmonicBot - ERROR - Erreur connexion exchange: binance {"code":-2008,"msg":"Invalid Api-Key ID."}
2025-09-26 20:03:02,832 - HarmonicBot - ERROR - Erreur connexion exchange: binance {"code":-2008,"msg":"Invalid Api-Key ID."}
2025-09-26 20:03:02,832 - HarmonicBot - ERROR - Erreur connexion exchange: binance {"code":-2008,"msg":"Invalid Api-Key ID."}
2025-09-26 20:03:02,832 - HarmonicBot - ERROR - Erreur connexion exchange: binance {"code":-2008,"msg":"Invalid Api-Key ID."}
2025-09-26 20:03:23,827 - HarmonicBot - ERROR - Erreur connexion exchange: binance {"code":-2008,"msg":"Invalid Api-Key ID."}
2025-09-26 20:03:23,827 - HarmonicBot - ERROR - Erreur connexion exchange: binance {"code":-2008,"msg":"Invalid Api-Key ID."}
2025-09-26 20:03:23,827 - HarmonicBot - ERROR - Erreur connexion exchange: binance {"code":-2008,"msg":"Invalid Api-Key ID."}
2025-09-26 20:03:23,827 - HarmonicBot - ERROR - Erreur connexion exchange: binance {"code":-2008,"msg":"Invalid Api-Key ID."}
2025-09-26 20:03:23,827 - HarmonicBot - ERROR - Erreur connexion exchange: binance {"code":-2008,"msg":"Invalid Api-Key ID."}
2025-09-26 20:03:23,827 - HarmonicBot - ERROR - Erreur connexion exchange: binance {"code":-2008,"msg":"Invalid Api-Key ID."}
2025-09-26 20:03:44,201 - HarmonicBot - ERROR - Erreur connexion exchange: binance {"code":-2008,"msg":"Invalid Api-Key ID."}
2025-09-26 20:03:44,201 - HarmonicBot - ERROR - Erreur connexion exchange: binance {"code":-2008,"msg":"Invalid Api-Key ID."}
2025-09-26 20:03:44,201 - HarmonicBot - ERROR - Erreur connexion exchange: binance {"code":-2008,"msg":"Invalid Api-Key ID."}
2025-09-26 20:03:44,201 - HarmonicBot - ERROR - Erreur connexion exchange: binance {"code":-2008,"msg":"Invalid Api-Key ID."}
2025-09-26 20:03:44,201 - HarmonicBot - ERROR - Erreur connexion exchange: binance {"code":-2008,"msg":"Invalid Api-Key ID."}
2025-09-26 20:03:44,201 - HarmonicBot - ERROR - Erreur connexion exchange: binance {"code":-2008,"msg":"Invalid Api-Key ID."}
2025-09-26 20:04:07,752 - HarmonicBot - ERROR - Erreur connexion exchange: binance {"code":-2008,"msg":"Invalid Api-Key ID."}
2025-09-26 20:04:07,752 - HarmonicBot - ERROR - Erreur connexion exchange: binance {"code":-2008,"msg":"Invalid Api-Key ID."}
2025-09-26 20:04:07,752 - HarmonicBot - ERROR - Erreur connexion exchange: binance {"code":-2008,"msg":"Invalid Api-Key ID."}
2025-09-26 20:04:07,752 - HarmonicBot - ERROR - Erreur connexion exchange: binance {"code":-2008,"msg":"Invalid Api-Key ID."}
2025-09-26 20:04:07,752 - HarmonicBot - ERROR - Erreur connexion exchange: binance {"code":-2008,"msg":"Invalid Api-Key ID."}
2025-09-26 20:04:07,752 - HarmonicBot - ERROR - Erreur connexion exchange: binance {"code":-2008,"msg":"Invalid Api-Key ID."}
2025-09-26 20:04:30,589 - HarmonicBot - ERROR - Erreur connexion exchange: binance {"code":-2008,"msg":"Invalid Api-Key ID."}
2025-09-26 20:04:30,589 - HarmonicBot - ERROR - Erreur connexion exchange: binance {"code":-2008,"msg":"Invalid Api-Key ID."}
2025-09-26 20:04:30,589 - HarmonicBot - ERROR - Erreur connexion exchange: binance {"code":-2008,"msg":"Invalid Api-Key ID."}
2025-09-26 20:04:30,589 - HarmonicBot - ERROR - Erreur connexion exchange: binance {"code":-2008,"msg":"Invalid Api-Key ID."}
2025-09-26 20:04:30,589 - HarmonicBot - ERROR - Erreur connexion exchange: binance {"code":-2008,"msg":"Invalid Api-Key ID."}
2025-09-26 20:04:30,589 - HarmonicBot - ERROR - Erreur connexion exchange: binance {"code":-2008,"msg":"Invalid Api-Key ID."}
2025-09-26 20:04:51,072 - HarmonicBot - ERROR - Erreur connexion exchange: binance {"code":-2008,"msg":"Invalid Api-Key ID."}
2025-09-26 20:04:51,072 - HarmonicBot - ERROR - Erreur connexion exchange: binance {"code":-2008,"msg":"Invalid Api-Key ID."}
2025-09-26 20:04:51,072 - HarmonicBot - ERROR - Erreur connexion exchange: binance {"code":-2008,"msg":"Invalid Api-Key ID."}
2025-09-26 20:04:51,072 - HarmonicBot - ERROR - Erreur connexion exchange: binance {"code":-2008,"msg":"Invalid Api-Key ID."}
2025-09-26 20:04:51,072 - HarmonicBot - ERROR - Erreur connexion exchange: binance {"code":-2008,"msg":"Invalid Api-Key ID."}
2025-09-26 20:04:51,072 - HarmonicBot - ERROR - Erreur connexion exchange: binance {"code":-2008,"msg":"Invalid Api-Key ID."}
2025-09-26 20:05:11,811 - HarmonicBot - ERROR - Erreur connexion exchange: binance {"code":-2008,"msg":"Invalid Api-Key ID."}
2025-09-26 20:05:11,811 - HarmonicBot - ERROR - Erreur connexion exchange: binance {"code":-2008,"msg":"Invalid Api-Key ID."}
2025-09-26 20:05:11,811 - HarmonicBot - ERROR - Erreur connexion exchange: binance {"code":-2008,"msg":"Invalid Api-Key ID."}
2025-09-26 20:05:11,811 - HarmonicBot - ERROR - Erreur connexion exchange: binance {"code":-2008,"msg":"Invalid Api-Key ID."}
2025-09-26 20:05:11,811 - HarmonicBot - ERROR - Erreur connexion exchange: binance {"code":-2008,"msg":"Invalid Api-Key ID."}
2025-09-26 20:05:11,811 - HarmonicBot - ERROR - Erreur connexion exchange: binance {"code":-2008,"msg":"Invalid Api-Key ID."}
2025-09-26 20:05:32,544 - HarmonicBot - ERROR - Erreur connexion exchange: binance {"code":-2008,"msg":"Invalid Api-Key ID."}
2025-09-26 20:05:32,544 - HarmonicBot - ERROR - Erreur connexion exchange: binance {"code":-2008,"msg":"Invalid Api-Key ID."}
2025-09-26 20:05:32,544 - HarmonicBot - ERROR - Erreur connexion exchange: binance {"code":-2008,"msg":"Invalid Api-Key ID."}
2025-09-26 20:05:32,544 - HarmonicBot - ERROR - Erreur connexion exchange: binance {"code":-2008,"msg":"Invalid Api-Key ID."}
2025-09-26 20:05:32,544 - HarmonicBot - ERROR - Erreur connexion exchange: binance {"code":-2008,"msg":"Invalid Api-Key ID."}
2025-09-26 20:05:32,544 - HarmonicBot - ERROR - Erreur connexion exchange: binance {"code":-2008,"msg":"Invalid Api-Key ID."}
2025-09-26 20:05:52,920 - HarmonicBot - ERROR - Erreur connexion exchange: binance {"code":-2008,"msg":"Invalid Api-Key ID."}
2025-09-26 20:05:52,920 - HarmonicBot - ERROR - Erreur connexion exchange: binance {"code":-2008,"msg":"Invalid Api-Key ID."}
2025-09-26 20:05:52,920 - HarmonicBot - ERROR - Erreur connexion exchange: binance {"code":-2008,"msg":"Invalid Api-Key ID."}
2025-09-26 20:05:52,920 - HarmonicBot - ERROR - Erreur connexion exchange: binance {"code":-2008,"msg":"Invalid Api-Key ID."}
2025-09-26 20:05:52,920 - HarmonicBot - ERROR - Erreur connexion exchange: binance {"code":-2008,"msg":"Invalid Api-Key ID."}
2025-09-26 20:05:52,920 - HarmonicBot - ERROR - Erreur connexion exchange: binance {"code":-2008,"msg":"Invalid Api-Key ID."}
2025-09-26 20:06:08,694 - HarmonicBot - ERROR - Erreur connexion exchange: binance {"code":-2008,"msg":"Invalid Api-Key ID."}
2025-09-26 20:06:08,694 - HarmonicBot - ERROR - Erreur connexion exchange: binance {"code":-2008,"msg":"Invalid Api-Key ID."}
2025-09-26 20:06:08,694 - HarmonicBot - ERROR - Erreur connexion exchange: binance {"code":-2008,"msg":"Invalid Api-Key ID."}
2025-09-26 20:06:08,694 - HarmonicBot - ERROR - Erreur connexion exchange: binance {"code":-2008,"msg":"Invalid Api-Key ID."}
2025-09-26 20:06:08,694 - HarmonicBot - ERROR - Erreur connexion exchange: binance {"code":-2008,"msg":"Invalid Api-Key ID."}
2025-09-26 20:06:08,694 - HarmonicBot - ERROR - Erreur connexion exchange: binance {"code":-2008,"msg":"Invalid Api-Key ID."}
2025-09-26 20:06:23,126 - HarmonicBot - ERROR - Erreur connexion exchange: binance {"code":-2008,"msg":"Invalid Api-Key ID."}
2025-09-26 20:06:23,126 - HarmonicBot - ERROR - Erreur connexion exchange: binance {"code":-2008,"msg":"Invalid Api-Key ID."}
2025-09-26 20:06:23,126 - HarmonicBot - ERROR - Erreur connexion exchange: binance {"code":-2008,"msg":"Invalid Api-Key ID."}
2025-09-26 20:06:23,126 - HarmonicBot - ERROR - Erreur connexion exchange: binance {"code":-2008,"msg":"Invalid Api-Key ID."}
2025-09-26 20:06:23,126 - HarmonicBot - ERROR - Erreur connexion exchange: binance {"code":-2008,"msg":"Invalid Api-Key ID."}
2025-09-26 20:06:23,126 - HarmonicBot - ERROR - Erreur connexion exchange: binance {"code":-2008,"msg":"Invalid Api-Key ID."}
2025-09-26 20:06:37,464 - HarmonicBot - ERROR - Erreur connexion exchange: binance {"code":-2008,"msg":"Invalid Api-Key ID."}
2025-09-26 20:06:37,464 - HarmonicBot - ERROR - Erreur connexion exchange: binance {"code":-2008,"msg":"Invalid Api-Key ID."}
2025-09-26 20:06:37,464 - HarmonicBot - ERROR - Erreur connexion exchange: binance {"code":-2008,"msg":"Invalid Api-Key ID."}
2025-09-26 20:06:37,464 - HarmonicBot - ERROR - Erreur connexion exchange: binance {"code":-2008,"msg":"Invalid Api-Key ID."}
2025-09-26 20:06:37,464 - HarmonicBot - ERROR - Erreur connexion exchange: binance {"code":-2008,"msg":"Invalid Api-Key ID."}
2025-09-26 20:06:37,464 - HarmonicBot - ERROR - Erreur connexion exchange: binance {"code":-2008,"msg":"Invalid Api-Key ID."}
2025-09-26 20:06:51,800 - HarmonicBot - ERROR - Erreur connexion exchange: binance {"code":-2008,"msg":"Invalid Api-Key ID."}
2025-09-26 20:06:51,800 - HarmonicBot - ERROR - Erreur connexion exchange: binance {"code":-2008,"msg":"Invalid Api-Key ID."}
2025-09-26 20:06:51,800 - HarmonicBot - ERROR - Erreur connexion exchange: binance {"code":-2008,"msg":"Invalid Api-Key ID."}
2025-09-26 20:06:51,800 - HarmonicBot - ERROR - Erreur connexion exchange: binance {"code":-2008,"msg":"Invalid Api-Key ID."}
2025-09-26 20:06:51,800 - HarmonicBot - ERROR - Erreur connexion exchange: binance {"code":-2008,"msg":"Invalid Api-Key ID."}
2025-09-26 20:06:51,800 - HarmonicBot - ERROR - Erreur connexion exchange: binance {"code":-2008,"msg":"Invalid Api-Key ID."}
2025-09-26 20:07:13,712 - HarmonicBot - ERROR - Erreur connexion exchange: binance {"code":-2008,"msg":"Invalid Api-Key ID."}
2025-09-26 20:07:13,712 - HarmonicBot - ERROR - Erreur connexion exchange: binance {"code":-2008,"msg":"Invalid Api-Key ID."}
2025-09-26 20:07:13,712 - HarmonicBot - ERROR - Erreur connexion exchange: binance {"code":-2008,"msg":"Invalid Api-Key ID."}
2025-09-26 20:07:13,712 - HarmonicBot - ERROR - Erreur connexion exchange: binance {"code":-2008,"msg":"Invalid Api-Key ID."}
2025-09-26 20:07:13,712 - HarmonicBot - ERROR - Erreur connexion exchange: binance {"code":-2008,"msg":"Invalid Api-Key ID."}
2025-09-26 20:07:13,712 - HarmonicBot - ERROR - Erreur connexion exchange: binance {"code":-2008,"msg":"Invalid Api-Key ID."}
2025-09-26 20:07:45,172 - HarmonicBot - ERROR - Erreur connexion exchange: binance {"code":-2008,"msg":"Invalid Api-Key ID."}
2025-09-26 20:07:45,172 - HarmonicBot - ERROR - Erreur connexion exchange: binance {"code":-2008,"msg":"Invalid Api-Key ID."}
2025-09-26 20:07:45,172 - HarmonicBot - ERROR - Erreur connexion exchange: binance {"code":-2008,"msg":"Invalid Api-Key ID."}
2025-09-26 20:07:45,172 - HarmonicBot - ERROR - Erreur connexion exchange: binance {"code":-2008,"msg":"Invalid Api-Key ID."}
2025-09-26 20:07:45,172 - HarmonicBot - ERROR - Erreur connexion exchange: binance {"code":-2008,"msg":"Invalid Api-Key ID."}
2025-09-26 20:07:45,172 - HarmonicBot - ERROR - Erreur connexion exchange: binance {"code":-2008,"msg":"Invalid Api-Key ID."}
2025-09-26 20:08:18,330 - HarmonicBot - ERROR - Erreur connexion exchange: binance {"code":-2008,"msg":"Invalid Api-Key ID."}
2025-09-26 20:08:18,330 - HarmonicBot - ERROR - Erreur connexion exchange: binance {"code":-2008,"msg":"Invalid Api-Key ID."}
2025-09-26 20:08:18,330 - HarmonicBot - ERROR - Erreur connexion exchange: binance {"code":-2008,"msg":"Invalid Api-Key ID."}
2025-09-26 20:08:18,330 - HarmonicBot - ERROR - Erreur connexion exchange: binance {"code":-2008,"msg":"Invalid Api-Key ID."}
2025-09-26 20:08:18,330 - HarmonicBot - ERROR - Erreur connexion exchange: binance {"code":-2008,"msg":"Invalid Api-Key ID."}
2025-09-26 20:08:18,330 - HarmonicBot - ERROR - Erreur connexion exchange: binance {"code":-2008,"msg":"Invalid Api-Key ID."}
2025-09-26 20:08:50,074 - HarmonicBot - ERROR - Erreur connexion exchange: binance {"code":-2008,"msg":"Invalid Api-Key ID."}
2025-09-26 20:08:50,074 - HarmonicBot - ERROR - Erreur connexion exchange: binance {"code":-2008,"msg":"Invalid Api-Key ID."}
2025-09-26 20:08:50,074 - HarmonicBot - ERROR - Erreur connexion exchange: binance {"code":-2008,"msg":"Invalid Api-Key ID."}
2025-09-26 20:08:50,074 - HarmonicBot - ERROR - Erreur connexion exchange: binance {"code":-2008,"msg":"Invalid Api-Key ID."}
2025-09-26 20:08:50,074 - HarmonicBot - ERROR - Erreur connexion exchange: binance {"code":-2008,"msg":"Invalid Api-Key ID."}
2025-09-26 20:08:50,074 - HarmonicBot - ERROR - Erreur connexion exchange: binance {"code":-2008,"msg":"Invalid Api-Key ID."}
2025-09-26 20:09:22,559 - HarmonicBot - ERROR - Erreur connexion exchange: binance {"code":-2008,"msg":"Invalid Api-Key ID."}
2025-09-26 20:09:22,559 - HarmonicBot - ERROR - Erreur connexion exchange: binance {"code":-2008,"msg":"Invalid Api-Key ID."}
2025-09-26 20:09:22,559 - HarmonicBot - ERROR - Erreur connexion exchange: binance {"code":-2008,"msg":"Invalid Api-Key ID."}
2025-09-26 20:09:22,559 - HarmonicBot - ERROR - Erreur connexion exchange: binance {"code":-2008,"msg":"Invalid Api-Key ID."}
2025-09-26 20:09:22,559 - HarmonicBot - ERROR - Erreur connexion exchange: binance {"code":-2008,"msg":"Invalid Api-Key ID."}
2025-09-26 20:09:22,559 - HarmonicBot - ERROR - Erreur connexion exchange: binance {"code":-2008,"msg":"Invalid Api-Key ID."}
2025-09-26 20:10:03,187 - HarmonicBot - ERROR - Erreur connexion exchange: binance {"code":-2008,"msg":"Invalid Api-Key ID."}
2025-09-26 20:10:03,187 - HarmonicBot - ERROR - Erreur connexion exchange: binance {"code":-2008,"msg":"Invalid Api-Key ID."}
2025-09-26 20:10:03,187 - HarmonicBot - ERROR - Erreur connexion exchange: binance {"code":-2008,"msg":"Invalid Api-Key ID."}
2025-09-26 20:10:03,187 - HarmonicBot - ERROR - Erreur connexion exchange: binance {"code":-2008,"msg":"Invalid Api-Key ID."}
2025-09-26 20:10:03,187 - HarmonicBot - ERROR - Erreur connexion exchange: binance {"code":-2008,"msg":"Invalid Api-Key ID."}
2025-09-26 20:10:03,187 - HarmonicBot - ERROR - Erreur connexion exchange: binance {"code":-2008,"msg":"Invalid Api-Key ID."}
2025-09-26 20:10:32,927 - HarmonicBot - ERROR - Erreur connexion exchange: binance {"code":-2008,"msg":"Invalid Api-Key ID."}
2025-09-26 20:10:32,927 - HarmonicBot - ERROR - Erreur connexion exchange: binance {"code":-2008,"msg":"Invalid Api-Key ID."}
2025-09-26 20:10:32,927 - HarmonicBot - ERROR - Erreur connexion exchange: binance {"code":-2008,"msg":"Invalid Api-Key ID."}
2025-09-26 20:10:32,927 - HarmonicBot - ERROR - Erreur connexion exchange: binance {"code":-2008,"msg":"Invalid Api-Key ID."}
2025-09-26 20:10:32,927 - HarmonicBot - ERROR - Erreur connexion exchange: binance {"code":-2008,"msg":"Invalid Api-Key ID."}
2025-09-26 20:10:32,927 - HarmonicBot - ERROR - Erreur connexion exchange: binance {"code":-2008,"msg":"Invalid Api-Key ID."}
2025-09-26 20:11:02,774 - HarmonicBot - ERROR - Erreur connexion exchange: binance {"code":-2008,"msg":"Invalid Api-Key ID."}
2025-09-26 20:11:02,774 - HarmonicBot - ERROR - Erreur connexion exchange: binance {"code":-2008,"msg":"Invalid Api-Key ID."}
2025-09-26 20:11:02,774 - HarmonicBot - ERROR - Erreur connexion exchange: binance {"code":-2008,"msg":"Invalid Api-Key ID."}
2025-09-26 20:11:02,774 - HarmonicBot - ERROR - Erreur connexion exchange: binance {"code":-2008,"msg":"Invalid Api-Key ID."}
2025-09-26 20:11:02,774 - HarmonicBot - ERROR - Erreur connexion exchange: binance {"code":-2008,"msg":"Invalid Api-Key ID."}
2025-09-26 20:11:02,774 - HarmonicBot - ERROR - Erreur connexion exchange: binance {"code":-2008,"msg":"Invalid Api-Key ID."}
2025-09-26 20:11:33,945 - HarmonicBot - ERROR - Erreur connexion exchange: binance {"code":-2008,"msg":"Invalid Api-Key ID."}
2025-09-26 20:11:33,945 - HarmonicBot - ERROR - Erreur connexion exchange: binance {"code":-2008,"msg":"Invalid Api-Key ID."}
2025-09-26 20:11:33,945 - HarmonicBot - ERROR - Erreur connexion exchange: binance {"code":-2008,"msg":"Invalid Api-Key ID."}
2025-09-26 20:11:33,945 - HarmonicBot - ERROR - Erreur connexion exchange: binance {"code":-2008,"msg":"Invalid Api-Key ID."}
2025-09-26 20:11:33,945 - HarmonicBot - ERROR - Erreur connexion exchange: binance {"code":-2008,"msg":"Invalid Api-Key ID."}
2025-09-26 20:11:33,945 - HarmonicBot - ERROR - Erreur connexion exchange: binance {"code":-2008,"msg":"Invalid Api-Key ID."}
2025-09-26 20:12:03,404 - HarmonicBot - ERROR - Erreur connexion exchange: binance {"code":-2008,"msg":"Invalid Api-Key ID."}
2025-09-26 20:12:03,404 - HarmonicBot - ERROR - Erreur connexion exchange: binance {"code":-2008,"msg":"Invalid Api-Key ID."}
2025-09-26 20:12:03,404 - HarmonicBot - ERROR - Erreur connexion exchange: binance {"code":-2008,"msg":"Invalid Api-Key ID."}
2025-09-26 20:12:03,404 - HarmonicBot - ERROR - Erreur connexion exchange: binance {"code":-2008,"msg":"Invalid Api-Key ID."}
2025-09-26 20:12:03,404 - HarmonicBot - ERROR - Erreur connexion exchange: binance {"code":-2008,"msg":"Invalid Api-Key ID."}
2025-09-26 20:12:03,404 - HarmonicBot - ERROR - Erreur connexion exchange: binance {"code":-2008,"msg":"Invalid Api-Key ID."}
2025-09-26 20:12:33,145 - HarmonicBot - ERROR - Erreur connexion exchange: binance {"code":-2008,"msg":"Invalid Api-Key ID."}
2025-09-26 20:12:33,145 - HarmonicBot - ERROR - Erreur connexion exchange: binance {"code":-2008,"msg":"Invalid Api-Key ID."}
2025-09-26 20:12:33,145 - HarmonicBot - ERROR - Erreur connexion exchange: binance {"code":-2008,"msg":"Invalid Api-Key ID."}
2025-09-26 20:12:33,145 - HarmonicBot - ERROR - Erreur connexion exchange: binance {"code":-2008,"msg":"Invalid Api-Key ID."}
2025-09-26 20:12:33,145 - HarmonicBot - ERROR - Erreur connexion exchange: binance {"code":-2008,"msg":"Invalid Api-Key ID."}
2025-09-26 20:12:33,145 - HarmonicBot - ERROR - Erreur connexion exchange: binance {"code":-2008,"msg":"Invalid Api-Key ID."}
2025-09-26 20:13:03,721 - HarmonicBot - ERROR - Erreur connexion exchange: binance {"code":-2008,"msg":"Invalid Api-Key ID."}
2025-09-26 20:13:03,721 - HarmonicBot - ERROR - Erreur connexion exchange: binance {"code":-2008,"msg":"Invalid Api-Key ID."}
2025-09-26 20:13:03,721 - HarmonicBot - ERROR - Erreur connexion exchange: binance {"code":-2008,"msg":"Invalid Api-Key ID."}
2025-09-26 20:13:03,721 - HarmonicBot - ERROR - Erreur connexion exchange: binance {"code":-2008,"msg":"Invalid Api-Key ID."}
2025-09-26 20:13:03,721 - HarmonicBot - ERROR - Erreur connexion exchange: binance {"code":-2008,"msg":"Invalid Api-Key ID."}
2025-09-26 20:13:03,721 - HarmonicBot - ERROR - Erreur connexion exchange: binance {"code":-2008,"msg":"Invalid Api-Key ID."}
2025-09-26 20:13:35,467 - HarmonicBot - ERROR - Erreur connexion exchange: binance {"code":-2008,"msg":"Invalid Api-Key ID."}
2025-09-26 20:13:35,467 - HarmonicBot - ERROR - Erreur connexion exchange: binance {"code":-2008,"msg":"Invalid Api-Key ID."}
2025-09-26 20:13:35,467 - HarmonicBot - ERROR - Erreur connexion exchange: binance {"code":-2008,"msg":"Invalid Api-Key ID."}
2025-09-26 20:13:35,467 - HarmonicBot - ERROR - Erreur connexion exchange: binance {"code":-2008,"msg":"Invalid Api-Key ID."}
2025-09-26 20:13:35,467 - HarmonicBot - ERROR - Erreur connexion exchange: binance {"code":-2008,"msg":"Invalid Api-Key ID."}
2025-09-26 20:13:35,467 - HarmonicBot - ERROR - Erreur connexion exchange: binance {"code":-2008,"msg":"Invalid Api-Key ID."}
2025-09-26 20:14:05,879 - HarmonicBot - ERROR - Erreur connexion exchange: binance {"code":-2008,"msg":"Invalid Api-Key ID."}
2025-09-26 20:14:05,879 - HarmonicBot - ERROR - Erreur connexion exchange: binance {"code":-2008,"msg":"Invalid Api-Key ID."}
2025-09-26 20:14:05,879 - HarmonicBot - ERROR - Erreur connexion exchange: binance {"code":-2008,"msg":"Invalid Api-Key ID."}
2025-09-26 20:14:05,879 - HarmonicBot - ERROR - Erreur connexion exchange: binance {"code":-2008,"msg":"Invalid Api-Key ID."}
2025-09-26 20:14:05,879 - HarmonicBot - ERROR - Erreur connexion exchange: binance {"code":-2008,"msg":"Invalid Api-Key ID."}
2025-09-26 20:14:05,879 - HarmonicBot - ERROR - Erreur connexion exchange: binance {"code":-2008,"msg":"Invalid Api-Key ID."}
2025-09-26 20:14:36,495 - HarmonicBot - ERROR - Erreur connexion exchange: binance {"code":-2008,"msg":"Invalid Api-Key ID."}
2025-09-26 20:14:36,495 - HarmonicBot - ERROR - Erreur connexion exchange: binance {"code":-2008,"msg":"Invalid Api-Key ID."}
2025-09-26 20:14:36,495 - HarmonicBot - ERROR - Erreur connexion exchange: binance {"code":-2008,"msg":"Invalid Api-Key ID."}
2025-09-26 20:14:36,495 - HarmonicBot - ERROR - Erreur connexion exchange: binance {"code":-2008,"msg":"Invalid Api-Key ID."}
2025-09-26 20:14:36,495 - HarmonicBot - ERROR - Erreur connexion exchange: binance {"code":-2008,"msg":"Invalid Api-Key ID."}
2025-09-26 20:14:36,495 - HarmonicBot - ERROR - Erreur connexion exchange: binance {"code":-2008,"msg":"Invalid Api-Key ID."}
2025-09-26 20:15:16,954 - HarmonicBot - ERROR - Erreur connexion exchange: binance {"code":-2008,"msg":"Invalid Api-Key ID."}
2025-09-26 20:15:16,954 - HarmonicBot - ERROR - Erreur connexion exchange: binance {"code":-2008,"msg":"Invalid Api-Key ID."}
2025-09-26 20:15:16,954 - HarmonicBot - ERROR - Erreur connexion exchange: binance {"code":-2008,"msg":"Invalid Api-Key ID."}
2025-09-26 20:15:16,954 - HarmonicBot - ERROR - Erreur connexion exchange: binance {"code":-2008,"msg":"Invalid Api-Key ID."}
2025-09-26 20:15:16,954 - HarmonicBot - ERROR - Erreur connexion exchange: binance {"code":-2008,"msg":"Invalid Api-Key ID."}
2025-09-26 20:15:16,954 - HarmonicBot - ERROR - Erreur connexion exchange: binance {"code":-2008,"msg":"Invalid Api-Key ID."}
2025-09-26 20:15:47,151 - HarmonicBot - ERROR - Erreur connexion exchange: binance {"code":-2008,"msg":"Invalid Api-Key ID."}
2025-09-26 20:15:47,151 - HarmonicBot - ERROR - Erreur connexion exchange: binance {"code":-2008,"msg":"Invalid Api-Key ID."}
2025-09-26 20:15:47,151 - HarmonicBot - ERROR - Erreur connexion exchange: binance {"code":-2008,"msg":"Invalid Api-Key ID."}
2025-09-26 20:15:47,151 - HarmonicBot - ERROR - Erreur connexion exchange: binance {"code":-2008,"msg":"Invalid Api-Key ID."}
2025-09-26 20:15:47,151 - HarmonicBot - ERROR - Erreur connexion exchange: binance {"code":-2008,"msg":"Invalid Api-Key ID."}
2025-09-26 20:15:47,151 - HarmonicBot - ERROR - Erreur connexion exchange: binance {"code":-2008,"msg":"Invalid Api-Key ID."}
2025-09-26 20:16:28,126 - HarmonicBot - ERROR - Erreur connexion exchange: binance {"code":-2008,"msg":"Invalid Api-Key ID."}
2025-09-26 20:16:28,126 - HarmonicBot - ERROR - Erreur connexion exchange: binance {"code":-2008,"msg":"Invalid Api-Key ID."}
2025-09-26 20:16:28,126 - HarmonicBot - ERROR - Erreur connexion exchange: binance {"code":-2008,"msg":"Invalid Api-Key ID."}
2025-09-26 20:16:28,126 - HarmonicBot - ERROR - Erreur connexion exchange: binance {"code":-2008,"msg":"Invalid Api-Key ID."}
2025-09-26 20:16:28,126 - HarmonicBot - ERROR - Erreur connexion exchange: binance {"code":-2008,"msg":"Invalid Api-Key ID."}
2025-09-26 20:16:28,126 - HarmonicBot - ERROR - Erreur connexion exchange: binance {"code":-2008,"msg":"Invalid Api-Key ID."}
2025-09-26 20:17:00,162 - HarmonicBot - ERROR - Erreur connexion exchange: binance {"code":-2008,"msg":"Invalid Api-Key ID."}
2025-09-26 20:17:00,162 - HarmonicBot - ERROR - Erreur connexion exchange: binance {"code":-2008,"msg":"Invalid Api-Key ID."}
2025-09-26 20:17:00,162 - HarmonicBot - ERROR - Erreur connexion exchange: binance {"code":-2008,"msg":"Invalid Api-Key ID."}
2025-09-26 20:17:00,162 - HarmonicBot - ERROR - Erreur connexion exchange: binance {"code":-2008,"msg":"Invalid Api-Key ID."}
2025-09-26 20:17:00,162 - HarmonicBot - ERROR - Erreur connexion exchange: binance {"code":-2008,"msg":"Invalid Api-Key ID."}
2025-09-26 20:17:00,162 - HarmonicBot - ERROR - Erreur connexion exchange: binance {"code":-2008,"msg":"Invalid Api-Key ID."}
2025-09-26 20:17:22,996 - HarmonicBot - ERROR - Erreur connexion exchange: binance {"code":-2008,"msg":"Invalid Api-Key ID."}
2025-09-26 20:17:22,996 - HarmonicBot - ERROR - Erreur connexion exchange: binance {"code":-2008,"msg":"Invalid Api-Key ID."}
2025-09-26 20:17:22,996 - HarmonicBot - ERROR - Erreur connexion exchange: binance {"code":-2008,"msg":"Invalid Api-Key ID."}
2025-09-26 20:17:22,996 - HarmonicBot - ERROR - Erreur connexion exchange: binance {"code":-2008,"msg":"Invalid Api-Key ID."}
2025-09-26 20:17:22,996 - HarmonicBot - ERROR - Erreur connexion exchange: binance {"code":-2008,"msg":"Invalid Api-Key ID."}
2025-09-26 20:17:22,996 - HarmonicBot - ERROR - Erreur connexion exchange: binance {"code":-2008,"msg":"Invalid Api-Key ID."}
2025-09-26 20:17:42,755 - HarmonicBot - ERROR - Erreur connexion exchange: binance {"code":-2008,"msg":"Invalid Api-Key ID."}
2025-09-26 20:17:42,755 - HarmonicBot - ERROR - Erreur connexion exchange: binance {"code":-2008,"msg":"Invalid Api-Key ID."}
2025-09-26 20:17:42,755 - HarmonicBot - ERROR - Erreur connexion exchange: binance {"code":-2008,"msg":"Invalid Api-Key ID."}
2025-09-26 20:17:42,755 - HarmonicBot - ERROR - Erreur connexion exchange: binance {"code":-2008,"msg":"Invalid Api-Key ID."}
2025-09-26 20:17:42,755 - HarmonicBot - ERROR - Erreur connexion exchange: binance {"code":-2008,"msg":"Invalid Api-Key ID."}
2025-09-26 20:17:42,755 - HarmonicBot - ERROR - Erreur connexion exchange: binance {"code":-2008,"msg":"Invalid Api-Key ID."}
2025-09-26 20:18:02,114 - HarmonicBot - ERROR - Erreur connexion exchange: binance {"code":-2008,"msg":"Invalid Api-Key ID."}
2025-09-26 20:18:02,114 - HarmonicBot - ERROR - Erreur connexion exchange: binance {"code":-2008,"msg":"Invalid Api-Key ID."}
2025-09-26 20:18:02,114 - HarmonicBot - ERROR - Erreur connexion exchange: binance {"code":-2008,"msg":"Invalid Api-Key ID."}
2025-09-26 20:18:02,114 - HarmonicBot - ERROR - Erreur connexion exchange: binance {"code":-2008,"msg":"Invalid Api-Key ID."}
2025-09-26 20:18:02,114 - HarmonicBot - ERROR - Erreur connexion exchange: binance {"code":-2008,"msg":"Invalid Api-Key ID."}
2025-09-26 20:18:02,114 - HarmonicBot - ERROR - Erreur connexion exchange: binance {"code":-2008,"msg":"Invalid Api-Key ID."}
2025-09-26 20:18:23,516 - HarmonicBot - ERROR - Erreur connexion exchange: binance {"code":-2008,"msg":"Invalid Api-Key ID."}
2025-09-26 20:18:23,516 - HarmonicBot - ERROR - Erreur connexion exchange: binance {"code":-2008,"msg":"Invalid Api-Key ID."}
2025-09-26 20:18:23,516 - HarmonicBot - ERROR - Erreur connexion exchange: binance {"code":-2008,"msg":"Invalid Api-Key ID."}
2025-09-26 20:18:23,516 - HarmonicBot - ERROR - Erreur connexion exchange: binance {"code":-2008,"msg":"Invalid Api-Key ID."}
2025-09-26 20:18:23,516 - HarmonicBot - ERROR - Erreur connexion exchange: binance {"code":-2008,"msg":"Invalid Api-Key ID."}
2025-09-26 20:18:23,516 - HarmonicBot - ERROR - Erreur connexion exchange: binance {"code":-2008,"msg":"Invalid Api-Key ID."}
2025-09-26 20:18:43,733 - HarmonicBot - ERROR - Erreur connexion exchange: binance {"code":-2008,"msg":"Invalid Api-Key ID."}
2025-09-26 20:18:43,733 - HarmonicBot - ERROR - Erreur connexion exchange: binance {"code":-2008,"msg":"Invalid Api-Key ID."}
2025-09-26 20:18:43,733 - HarmonicBot - ERROR - Erreur connexion exchange: binance {"code":-2008,"msg":"Invalid Api-Key ID."}
2025-09-26 20:18:43,733 - HarmonicBot - ERROR - Erreur connexion exchange: binance {"code":-2008,"msg":"Invalid Api-Key ID."}
2025-09-26 20:18:43,733 - HarmonicBot - ERROR - Erreur connexion exchange: binance {"code":-2008,"msg":"Invalid Api-Key ID."}
2025-09-26 20:18:43,733 - HarmonicBot - ERROR - Erreur connexion exchange: binance {"code":-2008,"msg":"Invalid Api-Key ID."}
2025-09-26 20:19:04,376 - HarmonicBot - ERROR - Erreur connexion exchange: binance {"code":-2008,"msg":"Invalid Api-Key ID."}
2025-09-26 20:19:04,376 - HarmonicBot - ERROR - Erreur connexion exchange: binance {"code":-2008,"msg":"Invalid Api-Key ID."}
2025-09-26 20:19:04,376 - HarmonicBot - ERROR - Erreur connexion exchange: binance {"code":-2008,"msg":"Invalid Api-Key ID."}
2025-09-26 20:19:04,376 - HarmonicBot - ERROR - Erreur connexion exchange: binance {"code":-2008,"msg":"Invalid Api-Key ID."}
2025-09-26 20:19:04,376 - HarmonicBot - ERROR - Erreur connexion exchange: binance {"code":-2008,"msg":"Invalid Api-Key ID."}
2025-09-26 20:19:04,376 - HarmonicBot - ERROR - Erreur connexion exchange: binance {"code":-2008,"msg":"Invalid Api-Key ID."}
2025-09-26 20:19:25,369 - HarmonicBot - ERROR - Erreur connexion exchange: binance {"code":-2008,"msg":"Invalid Api-Key ID."}
2025-09-26 20:19:25,369 - HarmonicBot - ERROR - Erreur connexion exchange: binance {"code":-2008,"msg":"Invalid Api-Key ID."}
2025-09-26 20:19:25,369 - HarmonicBot - ERROR - Erreur connexion exchange: binance {"code":-2008,"msg":"Invalid Api-Key ID."}
2025-09-26 20:19:25,369 - HarmonicBot - ERROR - Erreur connexion exchange: binance {"code":-2008,"msg":"Invalid Api-Key ID."}
2025-09-26 20:19:25,369 - HarmonicBot - ERROR - Erreur connexion exchange: binance {"code":-2008,"msg":"Invalid Api-Key ID."}
2025-09-26 20:19:25,369 - HarmonicBot - ERROR - Erreur connexion exchange: binance {"code":-2008,"msg":"Invalid Api-Key ID."}
2025-09-26 20:19:47,177 - HarmonicBot - ERROR - Erreur connexion exchange: binance {"code":-2008,"msg":"Invalid Api-Key ID."}
2025-09-26 20:19:47,177 - HarmonicBot - ERROR - Erreur connexion exchange: binance {"code":-2008,"msg":"Invalid Api-Key ID."}
2025-09-26 20:19:47,177 - HarmonicBot - ERROR - Erreur connexion exchange: binance {"code":-2008,"msg":"Invalid Api-Key ID."}
2025-09-26 20:19:47,177 - HarmonicBot - ERROR - Erreur connexion exchange: binance {"code":-2008,"msg":"Invalid Api-Key ID."}
2025-09-26 20:19:47,177 - HarmonicBot - ERROR - Erreur connexion exchange: binance {"code":-2008,"msg":"Invalid Api-Key ID."}
2025-09-26 20:19:47,177 - HarmonicBot - ERROR - Erreur connexion exchange: binance {"code":-2008,"msg":"Invalid Api-Key ID."}
2025-09-26 20:20:08,601 - HarmonicBot - ERROR - Erreur connexion exchange: binance {"code":-2008,"msg":"Invalid Api-Key ID."}
2025-09-26 20:20:08,601 - HarmonicBot - ERROR - Erreur connexion exchange: binance {"code":-2008,"msg":"Invalid Api-Key ID."}
2025-09-26 20:20:08,601 - HarmonicBot - ERROR - Erreur connexion exchange: binance {"code":-2008,"msg":"Invalid Api-Key ID."}
2025-09-26 20:20:08,601 - HarmonicBot - ERROR - Erreur connexion exchange: binance {"code":-2008,"msg":"Invalid Api-Key ID."}
2025-09-26 20:20:08,601 - HarmonicBot - ERROR - Erreur connexion exchange: binance {"code":-2008,"msg":"Invalid Api-Key ID."}
2025-09-26 20:20:08,601 - HarmonicBot - ERROR - Erreur connexion exchange: binance {"code":-2008,"msg":"Invalid Api-Key ID."}
2025-09-26 20:20:29,474 - HarmonicBot - ERROR - Erreur connexion exchange: binance {"code":-2008,"msg":"Invalid Api-Key ID."}
2025-09-26 20:20:29,474 - HarmonicBot - ERROR - Erreur connexion exchange: binance {"code":-2008,"msg":"Invalid Api-Key ID."}
2025-09-26 20:20:29,474 - HarmonicBot - ERROR - Erreur connexion exchange: binance {"code":-2008,"msg":"Invalid Api-Key ID."}
2025-09-26 20:20:29,474 - HarmonicBot - ERROR - Erreur connexion exchange: binance {"code":-2008,"msg":"Invalid Api-Key ID."}
2025-09-26 20:20:29,474 - HarmonicBot - ERROR - Erreur connexion exchange: binance {"code":-2008,"msg":"Invalid Api-Key ID."}
2025-09-26 20:20:29,474 - HarmonicBot - ERROR - Erreur connexion exchange: binance {"code":-2008,"msg":"Invalid Api-Key ID."}
2025-09-26 20:20:49,865 - HarmonicBot - ERROR - Erreur connexion exchange: binance {"code":-2008,"msg":"Invalid Api-Key ID."}
2025-09-26 20:20:49,865 - HarmonicBot - ERROR - Erreur connexion exchange: binance {"code":-2008,"msg":"Invalid Api-Key ID."}
2025-09-26 20:20:49,865 - HarmonicBot - ERROR - Erreur connexion exchange: binance {"code":-2008,"msg":"Invalid Api-Key ID."}
2025-09-26 20:20:49,865 - HarmonicBot - ERROR - Erreur connexion exchange: binance {"code":-2008,"msg":"Invalid Api-Key ID."}
2025-09-26 20:20:49,865 - HarmonicBot - ERROR - Erreur connexion exchange: binance {"code":-2008,"msg":"Invalid Api-Key ID."}
2025-09-26 20:20:49,865 - HarmonicBot - ERROR - Erreur connexion exchange: binance {"code":-2008,"msg":"Invalid Api-Key ID."}
2025-09-26 20:21:11,756 - HarmonicBot - ERROR - Erreur connexion exchange: binance {"code":-2008,"msg":"Invalid Api-Key ID."}
2025-09-26 20:21:11,756 - HarmonicBot - ERROR - Erreur connexion exchange: binance {"code":-2008,"msg":"Invalid Api-Key ID."}
2025-09-26 20:21:11,756 - HarmonicBot - ERROR - Erreur connexion exchange: binance {"code":-2008,"msg":"Invalid Api-Key ID."}
2025-09-26 20:21:11,756 - HarmonicBot - ERROR - Erreur connexion exchange: binance {"code":-2008,"msg":"Invalid Api-Key ID."}
2025-09-26 20:21:11,756 - HarmonicBot - ERROR - Erreur connexion exchange: binance {"code":-2008,"msg":"Invalid Api-Key ID."}
2025-09-26 20:21:11,756 - HarmonicBot - ERROR - Erreur connexion exchange: binance {"code":-2008,"msg":"Invalid Api-Key ID."}
2025-09-26 20:21:38,140 - HarmonicBot - ERROR - Erreur connexion exchange: binance {"code":-2008,"msg":"Invalid Api-Key ID."}
2025-09-26 20:21:38,140 - HarmonicBot - ERROR - Erreur connexion exchange: binance {"code":-2008,"msg":"Invalid Api-Key ID."}
2025-09-26 20:21:38,140 - HarmonicBot - ERROR - Erreur connexion exchange: binance {"code":-2008,"msg":"Invalid Api-Key ID."}
2025-09-26 20:21:38,140 - HarmonicBot - ERROR - Erreur connexion exchange: binance {"code":-2008,"msg":"Invalid Api-Key ID."}
2025-09-26 20:21:38,140 - HarmonicBot - ERROR - Erreur connexion exchange: binance {"code":-2008,"msg":"Invalid Api-Key ID."}
2025-09-26 20:21:38,140 - HarmonicBot - ERROR - Erreur connexion exchange: binance {"code":-2008,"msg":"Invalid Api-Key ID."}
